{
  "F:\\MyRepos\\Back-End SW\\Back-End\\app.js": {
    "path": "F:\\MyRepos\\Back-End SW\\Back-End\\app.js",
    "statementMap": {
      "0": {
        "start": { "line": 1, "column": 16 },
        "end": { "line": 1, "column": 34 }
      },
      "1": {
        "start": { "line": 2, "column": 21 },
        "end": { "line": 2, "column": 45 }
      },
      "2": {
        "start": { "line": 3, "column": 20 },
        "end": { "line": 3, "column": 42 }
      },
      "3": {
        "start": { "line": 4, "column": 22 },
        "end": { "line": 4, "column": 51 }
      },
      "4": {
        "start": { "line": 5, "column": 15 },
        "end": { "line": 5, "column": 32 }
      },
      "5": {
        "start": { "line": 6, "column": 12 },
        "end": { "line": 6, "column": 32 }
      },
      "6": {
        "start": { "line": 7, "column": 13 },
        "end": { "line": 7, "column": 28 }
      },
      "7": {
        "start": { "line": 8, "column": 19 },
        "end": { "line": 8, "column": 41 }
      },
      "8": {
        "start": { "line": 9, "column": 15 },
        "end": { "line": 9, "column": 32 }
      },
      "9": {
        "start": { "line": 10, "column": 27 },
        "end": { "line": 10, "column": 67 }
      },
      "10": {
        "start": { "line": 11, "column": 17 },
        "end": { "line": 11, "column": 47 }
      },
      "11": {
        "start": { "line": 13, "column": 12 },
        "end": { "line": 13, "column": 21 }
      },
      "12": {
        "start": { "line": 16, "column": 0 },
        "end": { "line": 18, "column": 1 }
      },
      "13": {
        "start": { "line": 17, "column": 2 },
        "end": { "line": 17, "column": 25 }
      },
      "14": {
        "start": { "line": 21, "column": 0 },
        "end": { "line": 30, "column": 3 }
      },
      "15": {
        "start": { "line": 22, "column": 2 },
        "end": { "line": 22, "column": 49 }
      },
      "16": {
        "start": { "line": 23, "column": 2 },
        "end": { "line": 26, "column": 4 }
      },
      "17": {
        "start": { "line": 27, "column": 2 },
        "end": { "line": 27, "column": 50 }
      },
      "18": {
        "start": { "line": 28, "column": 2 },
        "end": { "line": 28, "column": 55 }
      },
      "19": {
        "start": { "line": 29, "column": 2 },
        "end": { "line": 29, "column": 9 }
      },
      "20": {
        "start": { "line": 33, "column": 0 },
        "end": { "line": 33, "column": 15 }
      },
      "21": {
        "start": { "line": 36, "column": 0 },
        "end": { "line": 36, "column": 18 }
      },
      "22": {
        "start": { "line": 40, "column": 0 },
        "end": { "line": 40, "column": 51 }
      },
      "23": {
        "start": { "line": 41, "column": 0 },
        "end": { "line": 41, "column": 27 }
      },
      "24": {
        "start": { "line": 43, "column": 0 },
        "end": { "line": 43, "column": 24 }
      },
      "25": {
        "start": { "line": 46, "column": 0 },
        "end": { "line": 46, "column": 23 }
      },
      "26": {
        "start": { "line": 49, "column": 16 },
        "end": { "line": 56, "column": 2 }
      },
      "27": {
        "start": { "line": 59, "column": 0 },
        "end": { "line": 59, "column": 25 }
      },
      "28": {
        "start": { "line": 61, "column": 0 },
        "end": { "line": 61, "column": 51 }
      },
      "29": {
        "start": { "line": 64, "column": 0 },
        "end": { "line": 71, "column": 3 }
      },
      "30": {
        "start": { "line": 65, "column": 2 },
        "end": { "line": 65, "column": 45 }
      },
      "31": {
        "start": { "line": 70, "column": 2 },
        "end": { "line": 70, "column": 9 }
      },
      "32": {
        "start": { "line": 73, "column": 19 },
        "end": { "line": 73, "column": 49 }
      },
      "33": {
        "start": { "line": 74, "column": 27 },
        "end": { "line": 74, "column": 65 }
      },
      "34": {
        "start": { "line": 75, "column": 21 },
        "end": { "line": 75, "column": 53 }
      },
      "35": {
        "start": { "line": 76, "column": 23 },
        "end": { "line": 76, "column": 57 }
      },
      "36": {
        "start": { "line": 77, "column": 20 },
        "end": { "line": 77, "column": 51 }
      },
      "37": {
        "start": { "line": 78, "column": 21 },
        "end": { "line": 78, "column": 53 }
      },
      "38": {
        "start": { "line": 79, "column": 21 },
        "end": { "line": 79, "column": 53 }
      },
      "39": {
        "start": { "line": 80, "column": 22 },
        "end": { "line": 80, "column": 55 }
      },
      "40": {
        "start": { "line": 81, "column": 28 },
        "end": { "line": 81, "column": 67 }
      },
      "41": {
        "start": { "line": 82, "column": 28 },
        "end": { "line": 82, "column": 67 }
      },
      "42": {
        "start": { "line": 84, "column": 0 },
        "end": { "line": 84, "column": 33 }
      },
      "43": {
        "start": { "line": 85, "column": 0 },
        "end": { "line": 85, "column": 36 }
      },
      "44": {
        "start": { "line": 86, "column": 0 },
        "end": { "line": 86, "column": 38 }
      },
      "45": {
        "start": { "line": 87, "column": 0 },
        "end": { "line": 87, "column": 40 }
      },
      "46": {
        "start": { "line": 88, "column": 0 },
        "end": { "line": 88, "column": 41 }
      },
      "47": {
        "start": { "line": 89, "column": 0 },
        "end": { "line": 89, "column": 45 }
      },
      "48": {
        "start": { "line": 90, "column": 0 },
        "end": { "line": 90, "column": 40 }
      },
      "49": {
        "start": { "line": 91, "column": 0 },
        "end": { "line": 91, "column": 42 }
      },
      "50": {
        "start": { "line": 92, "column": 0 },
        "end": { "line": 92, "column": 54 }
      },
      "51": {
        "start": { "line": 93, "column": 0 },
        "end": { "line": 93, "column": 54 }
      },
      "52": {
        "start": { "line": 95, "column": 0 },
        "end": { "line": 97, "column": 3 }
      },
      "53": {
        "start": { "line": 96, "column": 2 },
        "end": { "line": 96, "column": 74 }
      },
      "54": {
        "start": { "line": 99, "column": 0 },
        "end": { "line": 99, "column": 28 }
      },
      "55": {
        "start": { "line": 100, "column": 0 },
        "end": { "line": 100, "column": 21 }
      }
    },
    "fnMap": {
      "0": {
        "name": "(anonymous_0)",
        "decl": {
          "start": { "line": 21, "column": 8 },
          "end": { "line": 21, "column": 9 }
        },
        "loc": {
          "start": { "line": 21, "column": 28 },
          "end": { "line": 30, "column": 1 }
        },
        "line": 21
      },
      "1": {
        "name": "(anonymous_1)",
        "decl": {
          "start": { "line": 64, "column": 8 },
          "end": { "line": 64, "column": 9 }
        },
        "loc": {
          "start": { "line": 64, "column": 28 },
          "end": { "line": 71, "column": 1 }
        },
        "line": 64
      },
      "2": {
        "name": "(anonymous_2)",
        "decl": {
          "start": { "line": 95, "column": 13 },
          "end": { "line": 95, "column": 14 }
        },
        "loc": {
          "start": { "line": 95, "column": 33 },
          "end": { "line": 97, "column": 1 }
        },
        "line": 95
      }
    },
    "branchMap": {
      "0": {
        "loc": {
          "start": { "line": 16, "column": 0 },
          "end": { "line": 18, "column": 1 }
        },
        "type": "if",
        "locations": [
          {
            "start": { "line": 16, "column": 0 },
            "end": { "line": 18, "column": 1 }
          },
          { "start": {}, "end": {} }
        ],
        "line": 16
      }
    },
    "s": {
      "0": 1,
      "1": 1,
      "2": 1,
      "3": 1,
      "4": 1,
      "5": 1,
      "6": 1,
      "7": 1,
      "8": 1,
      "9": 1,
      "10": 1,
      "11": 1,
      "12": 1,
      "13": 0,
      "14": 1,
      "15": 0,
      "16": 0,
      "17": 0,
      "18": 0,
      "19": 0,
      "20": 1,
      "21": 1,
      "22": 1,
      "23": 1,
      "24": 1,
      "25": 1,
      "26": 1,
      "27": 1,
      "28": 1,
      "29": 1,
      "30": 0,
      "31": 0,
      "32": 1,
      "33": 1,
      "34": 1,
      "35": 1,
      "36": 1,
      "37": 1,
      "38": 1,
      "39": 1,
      "40": 1,
      "41": 1,
      "42": 1,
      "43": 1,
      "44": 1,
      "45": 1,
      "46": 1,
      "47": 1,
      "48": 1,
      "49": 1,
      "50": 1,
      "51": 1,
      "52": 1,
      "53": 0,
      "54": 1,
      "55": 1
    },
    "f": { "0": 0, "1": 0, "2": 0 },
    "b": { "0": [0, 1] },
    "_coverageSchema": "1a1c01bbd47fc00a2c39e90264f33305004495a9",
    "hash": "aa9e2a7e75e246daf683907945d2be9b4f898189"
  },
  "F:\\MyRepos\\Back-End SW\\Back-End\\dataSource.js": {
    "path": "F:\\MyRepos\\Back-End SW\\Back-End\\dataSource.js",
    "statementMap": {
      "0": {
        "start": { "line": 1, "column": 23 },
        "end": { "line": 1, "column": 41 }
      },
      "1": {
        "start": { "line": 3, "column": 19 },
        "end": { "line": 3, "column": 58 }
      },
      "2": {
        "start": { "line": 4, "column": 20 },
        "end": { "line": 4, "column": 60 }
      },
      "3": {
        "start": { "line": 5, "column": 20 },
        "end": { "line": 5, "column": 60 }
      },
      "4": {
        "start": { "line": 6, "column": 20 },
        "end": { "line": 6, "column": 60 }
      },
      "5": {
        "start": { "line": 7, "column": 27 },
        "end": { "line": 7, "column": 74 }
      },
      "6": {
        "start": { "line": 8, "column": 22 },
        "end": { "line": 8, "column": 64 }
      },
      "7": {
        "start": { "line": 9, "column": 20 },
        "end": { "line": 9, "column": 60 }
      },
      "8": {
        "start": { "line": 10, "column": 27 },
        "end": { "line": 10, "column": 74 }
      },
      "9": {
        "start": { "line": 12, "column": 22 },
        "end": { "line": 12, "column": 66 }
      },
      "10": {
        "start": { "line": 13, "column": 21 },
        "end": { "line": 13, "column": 64 }
      },
      "11": {
        "start": { "line": 14, "column": 19 },
        "end": { "line": 14, "column": 60 }
      },
      "12": {
        "start": { "line": 15, "column": 22 },
        "end": { "line": 15, "column": 66 }
      },
      "13": {
        "start": { "line": 16, "column": 19 },
        "end": { "line": 16, "column": 60 }
      },
      "14": {
        "start": { "line": 17, "column": 24 },
        "end": { "line": 17, "column": 70 }
      },
      "15": {
        "start": { "line": 18, "column": 21 },
        "end": { "line": 18, "column": 64 }
      },
      "16": {
        "start": { "line": 19, "column": 20 },
        "end": { "line": 19, "column": 62 }
      },
      "17": {
        "start": { "line": 21, "column": 22 },
        "end": { "line": 57, "column": 2 }
      },
      "18": {
        "start": { "line": 59, "column": 0 },
        "end": { "line": 59, "column": 35 }
      }
    },
    "fnMap": {},
    "branchMap": {
      "0": {
        "loc": {
          "start": { "line": 28, "column": 4 },
          "end": { "line": 30, "column": 33 }
        },
        "type": "cond-expr",
        "locations": [
          {
            "start": { "line": 29, "column": 8 },
            "end": { "line": 29, "column": 38 }
          },
          {
            "start": { "line": 30, "column": 8 },
            "end": { "line": 30, "column": 33 }
          }
        ],
        "line": 28
      },
      "1": {
        "loc": {
          "start": { "line": 35, "column": 9 },
          "end": { "line": 35, "column": 75 }
        },
        "type": "cond-expr",
        "locations": [
          {
            "start": { "line": 35, "column": 38 },
            "end": { "line": 35, "column": 67 }
          },
          {
            "start": { "line": 35, "column": 70 },
            "end": { "line": 35, "column": 75 }
          }
        ],
        "line": 35
      }
    },
    "s": {
      "0": 1,
      "1": 1,
      "2": 1,
      "3": 1,
      "4": 1,
      "5": 1,
      "6": 1,
      "7": 1,
      "8": 1,
      "9": 1,
      "10": 1,
      "11": 1,
      "12": 1,
      "13": 1,
      "14": 1,
      "15": 1,
      "16": 1,
      "17": 1,
      "18": 1
    },
    "f": {},
    "b": { "0": [1, 0], "1": [0, 1] },
    "_coverageSchema": "1a1c01bbd47fc00a2c39e90264f33305004495a9",
    "hash": "8dacc96805148f42f77f03f7cc2b332cdc5f4d1a"
  },
  "F:\\MyRepos\\Back-End SW\\Back-End\\controllers\\authController.js": {
    "path": "F:\\MyRepos\\Back-End SW\\Back-End\\controllers\\authController.js",
    "statementMap": {
      "0": {
        "start": { "line": 6, "column": 12 },
        "end": { "line": 6, "column": 35 }
      },
      "1": {
        "start": { "line": 7, "column": 19 },
        "end": { "line": 7, "column": 55 }
      },
      "2": {
        "start": { "line": 8, "column": 17 },
        "end": { "line": 8, "column": 48 }
      },
      "3": {
        "start": { "line": 9, "column": 20 },
        "end": { "line": 9, "column": 54 }
      },
      "4": {
        "start": { "line": 11, "column": 20 },
        "end": { "line": 11, "column": 37 }
      },
      "5": {
        "start": { "line": 20, "column": 18 },
        "end": { "line": 28, "column": 1 }
      },
      "6": {
        "start": { "line": 21, "column": 22 },
        "end": { "line": 21, "column": 24 }
      },
      "7": {
        "start": { "line": 22, "column": 2 },
        "end": { "line": 26, "column": 5 }
      },
      "8": {
        "start": { "line": 23, "column": 4 },
        "end": { "line": 25, "column": 5 }
      },
      "9": {
        "start": { "line": 24, "column": 6 },
        "end": { "line": 24, "column": 34 }
      },
      "10": {
        "start": { "line": 27, "column": 2 },
        "end": { "line": 27, "column": 21 }
      },
      "11": {
        "start": { "line": 35, "column": 0 },
        "end": { "line": 38, "column": 5 }
      },
      "12": {
        "start": { "line": 36, "column": 2 },
        "end": { "line": 38, "column": 4 }
      },
      "13": {
        "start": { "line": 47, "column": 27 },
        "end": { "line": 81, "column": 1 }
      },
      "14": {
        "start": { "line": 48, "column": 16 },
        "end": { "line": 48, "column": 43 }
      },
      "15": {
        "start": { "line": 50, "column": 2 },
        "end": { "line": 56, "column": 5 }
      },
      "16": {
        "start": { "line": 58, "column": 23 },
        "end": { "line": 75, "column": 3 }
      },
      "17": {
        "start": { "line": 77, "column": 2 },
        "end": { "line": 80, "column": 5 }
      },
      "18": {
        "start": { "line": 89, "column": 0 },
        "end": { "line": 117, "column": 3 }
      },
      "19": {
        "start": { "line": 90, "column": 19 },
        "end": { "line": 90, "column": 22 }
      },
      "20": {
        "start": { "line": 92, "column": 19 },
        "end": { "line": 92, "column": 49 }
      },
      "21": {
        "start": { "line": 94, "column": 2 },
        "end": { "line": 116, "column": 5 }
      },
      "22": {
        "start": { "line": 125, "column": 0 },
        "end": { "line": 131, "column": 3 }
      },
      "23": {
        "start": { "line": 126, "column": 19 },
        "end": { "line": 126, "column": 22 }
      },
      "24": {
        "start": { "line": 128, "column": 19 },
        "end": { "line": 128, "column": 48 }
      },
      "25": {
        "start": { "line": 130, "column": 2 },
        "end": { "line": 130, "column": 42 }
      },
      "26": {
        "start": { "line": 138, "column": 0 },
        "end": { "line": 143, "column": 3 }
      },
      "27": {
        "start": { "line": 139, "column": 19 },
        "end": { "line": 139, "column": 22 }
      },
      "28": {
        "start": { "line": 140, "column": 27 },
        "end": { "line": 140, "column": 65 }
      },
      "29": {
        "start": { "line": 142, "column": 2 },
        "end": { "line": 142, "column": 50 }
      },
      "30": {
        "start": { "line": 150, "column": 0 },
        "end": { "line": 157, "column": 2 }
      },
      "31": {
        "start": { "line": 151, "column": 2 },
        "end": { "line": 154, "column": 5 }
      },
      "32": {
        "start": { "line": 156, "column": 2 },
        "end": { "line": 156, "column": 77 }
      },
      "33": {
        "start": { "line": 165, "column": 0 },
        "end": { "line": 187, "column": 3 }
      },
      "34": {
        "start": { "line": 167, "column": 2 },
        "end": { "line": 174, "column": 3 }
      },
      "35": {
        "start": { "line": 171, "column": 4 },
        "end": { "line": 171, "column": 52 }
      },
      "36": {
        "start": { "line": 172, "column": 9 },
        "end": { "line": 174, "column": 3 }
      },
      "37": {
        "start": { "line": 173, "column": 4 },
        "end": { "line": 173, "column": 28 }
      },
      "38": {
        "start": { "line": 176, "column": 2 },
        "end": { "line": 180, "column": 3 }
      },
      "39": {
        "start": { "line": 177, "column": 4 },
        "end": { "line": 179, "column": 6 }
      },
      "40": {
        "start": { "line": 182, "column": 19 },
        "end": { "line": 182, "column": 53 }
      },
      "41": {
        "start": { "line": 184, "column": 2 },
        "end": { "line": 184, "column": 25 }
      },
      "42": {
        "start": { "line": 185, "column": 2 },
        "end": { "line": 185, "column": 20 }
      },
      "43": {
        "start": { "line": 186, "column": 2 },
        "end": { "line": 186, "column": 9 }
      },
      "44": {
        "start": { "line": 195, "column": 0 },
        "end": { "line": 226, "column": 3 }
      },
      "45": {
        "start": { "line": 198, "column": 6 },
        "end": { "line": 198, "column": 9 }
      },
      "46": {
        "start": { "line": 200, "column": 19 },
        "end": { "line": 200, "column": 62 }
      },
      "47": {
        "start": { "line": 202, "column": 2 },
        "end": { "line": 225, "column": 5 }
      },
      "48": {
        "start": { "line": 234, "column": 0 },
        "end": { "line": 243, "column": 3 }
      },
      "49": {
        "start": { "line": 235, "column": 19 },
        "end": { "line": 235, "column": 22 }
      },
      "50": {
        "start": { "line": 236, "column": 23 },
        "end": { "line": 236, "column": 27 }
      },
      "51": {
        "start": { "line": 238, "column": 19 },
        "end": { "line": 238, "column": 51 }
      },
      "52": {
        "start": { "line": 240, "column": 2 },
        "end": { "line": 240, "column": 25 }
      },
      "53": {
        "start": { "line": 241, "column": 2 },
        "end": { "line": 241, "column": 33 }
      },
      "54": {
        "start": { "line": 242, "column": 2 },
        "end": { "line": 242, "column": 9 }
      },
      "55": {
        "start": { "line": 251, "column": 0 },
        "end": { "line": 257, "column": 3 }
      },
      "56": {
        "start": { "line": 252, "column": 19 },
        "end": { "line": 252, "column": 29 }
      },
      "57": {
        "start": { "line": 254, "column": 34 },
        "end": { "line": 254, "column": 74 }
      },
      "58": {
        "start": { "line": 256, "column": 2 },
        "end": { "line": 256, "column": 51 }
      },
      "59": {
        "start": { "line": 265, "column": 0 },
        "end": { "line": 274, "column": 3 }
      },
      "60": {
        "start": { "line": 266, "column": 19 },
        "end": { "line": 266, "column": 22 }
      },
      "61": {
        "start": { "line": 268, "column": 2 },
        "end": { "line": 268, "column": 48 }
      },
      "62": {
        "start": { "line": 270, "column": 2 },
        "end": { "line": 273, "column": 5 }
      },
      "63": {
        "start": { "line": 282, "column": 0 },
        "end": { "line": 291, "column": 3 }
      },
      "64": {
        "start": { "line": 286, "column": 6 },
        "end": { "line": 286, "column": 9 }
      },
      "65": {
        "start": { "line": 288, "column": 19 },
        "end": { "line": 288, "column": 65 }
      },
      "66": {
        "start": { "line": 290, "column": 2 },
        "end": { "line": 290, "column": 42 }
      },
      "67": {
        "start": { "line": 299, "column": 0 },
        "end": { "line": 308, "column": 3 }
      },
      "68": {
        "start": { "line": 300, "column": 19 },
        "end": { "line": 300, "column": 22 }
      },
      "69": {
        "start": { "line": 302, "column": 2 },
        "end": { "line": 302, "column": 48 }
      },
      "70": {
        "start": { "line": 304, "column": 2 },
        "end": { "line": 307, "column": 5 }
      },
      "71": {
        "start": { "line": 316, "column": 0 },
        "end": { "line": 328, "column": 3 }
      },
      "72": {
        "start": { "line": 320, "column": 6 },
        "end": { "line": 320, "column": 9 }
      },
      "73": {
        "start": { "line": 322, "column": 2 },
        "end": { "line": 322, "column": 47 }
      },
      "74": {
        "start": { "line": 324, "column": 2 },
        "end": { "line": 327, "column": 5 }
      },
      "75": {
        "start": { "line": 337, "column": 0 },
        "end": { "line": 350, "column": 3 }
      },
      "76": {
        "start": { "line": 340, "column": 6 },
        "end": { "line": 340, "column": 9 }
      },
      "77": {
        "start": { "line": 342, "column": 2 },
        "end": { "line": 342, "column": 70 }
      },
      "78": {
        "start": { "line": 342, "column": 17 },
        "end": { "line": 342, "column": 70 }
      },
      "79": {
        "start": { "line": 344, "column": 22 },
        "end": { "line": 344, "column": 71 }
      },
      "80": {
        "start": { "line": 346, "column": 2 },
        "end": { "line": 349, "column": 5 }
      },
      "81": {
        "start": { "line": 359, "column": 0 },
        "end": { "line": 372, "column": 3 }
      },
      "82": {
        "start": { "line": 362, "column": 6 },
        "end": { "line": 362, "column": 9 }
      },
      "83": {
        "start": { "line": 364, "column": 2 },
        "end": { "line": 364, "column": 64 }
      },
      "84": {
        "start": { "line": 364, "column": 14 },
        "end": { "line": 364, "column": 64 }
      },
      "85": {
        "start": { "line": 366, "column": 22 },
        "end": { "line": 366, "column": 65 }
      },
      "86": {
        "start": { "line": 368, "column": 2 },
        "end": { "line": 371, "column": 5 }
      },
      "87": {
        "start": { "line": 374, "column": 0 },
        "end": { "line": 374, "column": 55 }
      }
    },
    "fnMap": {
      "0": {
        "name": "(anonymous_0)",
        "decl": {
          "start": { "line": 20, "column": 18 },
          "end": { "line": 20, "column": 19 }
        },
        "loc": {
          "start": { "line": 20, "column": 38 },
          "end": { "line": 28, "column": 1 }
        },
        "line": 20
      },
      "1": {
        "name": "(anonymous_1)",
        "decl": {
          "start": { "line": 22, "column": 27 },
          "end": { "line": 22, "column": 28 }
        },
        "loc": {
          "start": { "line": 22, "column": 36 },
          "end": { "line": 26, "column": 3 }
        },
        "line": 22
      },
      "2": {
        "name": "(anonymous_2)",
        "decl": {
          "start": { "line": 35, "column": 20 },
          "end": { "line": 35, "column": 21 }
        },
        "loc": {
          "start": { "line": 36, "column": 2 },
          "end": { "line": 38, "column": 4 }
        },
        "line": 36
      },
      "3": {
        "name": "(anonymous_3)",
        "decl": {
          "start": { "line": 47, "column": 27 },
          "end": { "line": 47, "column": 28 }
        },
        "loc": {
          "start": { "line": 47, "column": 59 },
          "end": { "line": 81, "column": 1 }
        },
        "line": 47
      },
      "4": {
        "name": "(anonymous_4)",
        "decl": {
          "start": { "line": 89, "column": 28 },
          "end": { "line": 89, "column": 29 }
        },
        "loc": {
          "start": { "line": 89, "column": 54 },
          "end": { "line": 117, "column": 1 }
        },
        "line": 89
      },
      "5": {
        "name": "(anonymous_5)",
        "decl": {
          "start": { "line": 125, "column": 28 },
          "end": { "line": 125, "column": 29 }
        },
        "loc": {
          "start": { "line": 125, "column": 54 },
          "end": { "line": 131, "column": 1 }
        },
        "line": 125
      },
      "6": {
        "name": "(anonymous_6)",
        "decl": {
          "start": { "line": 138, "column": 36 },
          "end": { "line": 138, "column": 37 }
        },
        "loc": {
          "start": { "line": 138, "column": 62 },
          "end": { "line": 143, "column": 1 }
        },
        "line": 138
      },
      "7": {
        "name": "(anonymous_7)",
        "decl": {
          "start": { "line": 150, "column": 18 },
          "end": { "line": 150, "column": 19 }
        },
        "loc": {
          "start": { "line": 150, "column": 32 },
          "end": { "line": 157, "column": 1 }
        },
        "line": 150
      },
      "8": {
        "name": "(anonymous_8)",
        "decl": {
          "start": { "line": 165, "column": 33 },
          "end": { "line": 165, "column": 34 }
        },
        "loc": {
          "start": { "line": 165, "column": 59 },
          "end": { "line": 187, "column": 1 }
        },
        "line": 165
      },
      "9": {
        "name": "(anonymous_9)",
        "decl": {
          "start": { "line": 195, "column": 27 },
          "end": { "line": 195, "column": 28 }
        },
        "loc": {
          "start": { "line": 195, "column": 53 },
          "end": { "line": 226, "column": 1 }
        },
        "line": 195
      },
      "10": {
        "name": "(anonymous_10)",
        "decl": {
          "start": { "line": 234, "column": 30 },
          "end": { "line": 234, "column": 31 }
        },
        "loc": {
          "start": { "line": 234, "column": 56 },
          "end": { "line": 243, "column": 1 }
        },
        "line": 234
      },
      "11": {
        "name": "(anonymous_11)",
        "decl": {
          "start": { "line": 251, "column": 34 },
          "end": { "line": 251, "column": 35 }
        },
        "loc": {
          "start": { "line": 251, "column": 60 },
          "end": { "line": 257, "column": 1 }
        },
        "line": 251
      },
      "12": {
        "name": "(anonymous_12)",
        "decl": {
          "start": { "line": 265, "column": 45 },
          "end": { "line": 265, "column": 46 }
        },
        "loc": {
          "start": { "line": 265, "column": 71 },
          "end": { "line": 274, "column": 1 }
        },
        "line": 265
      },
      "13": {
        "name": "(anonymous_13)",
        "decl": {
          "start": { "line": 282, "column": 36 },
          "end": { "line": 282, "column": 37 }
        },
        "loc": {
          "start": { "line": 282, "column": 62 },
          "end": { "line": 291, "column": 1 }
        },
        "line": 282
      },
      "14": {
        "name": "(anonymous_14)",
        "decl": {
          "start": { "line": 299, "column": 36 },
          "end": { "line": 299, "column": 37 }
        },
        "loc": {
          "start": { "line": 299, "column": 62 },
          "end": { "line": 308, "column": 1 }
        },
        "line": 299
      },
      "15": {
        "name": "(anonymous_15)",
        "decl": {
          "start": { "line": 316, "column": 35 },
          "end": { "line": 316, "column": 36 }
        },
        "loc": {
          "start": { "line": 316, "column": 61 },
          "end": { "line": 328, "column": 1 }
        },
        "line": 316
      },
      "16": {
        "name": "(anonymous_16)",
        "decl": {
          "start": { "line": 337, "column": 37 },
          "end": { "line": 337, "column": 38 }
        },
        "loc": {
          "start": { "line": 337, "column": 63 },
          "end": { "line": 350, "column": 1 }
        },
        "line": 337
      },
      "17": {
        "name": "(anonymous_17)",
        "decl": {
          "start": { "line": 359, "column": 34 },
          "end": { "line": 359, "column": 35 }
        },
        "loc": {
          "start": { "line": 359, "column": 60 },
          "end": { "line": 372, "column": 1 }
        },
        "line": 359
      }
    },
    "branchMap": {
      "0": {
        "loc": {
          "start": { "line": 23, "column": 4 },
          "end": { "line": 25, "column": 5 }
        },
        "type": "if",
        "locations": [
          {
            "start": { "line": 23, "column": 4 },
            "end": { "line": 25, "column": 5 }
          },
          { "start": {}, "end": {} }
        ],
        "line": 23
      },
      "1": {
        "loc": {
          "start": { "line": 55, "column": 12 },
          "end": { "line": 55, "column": 70 }
        },
        "type": "binary-expr",
        "locations": [
          {
            "start": { "line": 55, "column": 12 },
            "end": { "line": 55, "column": 22 }
          },
          {
            "start": { "line": 55, "column": 26 },
            "end": { "line": 55, "column": 70 }
          }
        ],
        "line": 55
      },
      "2": {
        "loc": {
          "start": { "line": 167, "column": 2 },
          "end": { "line": 174, "column": 3 }
        },
        "type": "if",
        "locations": [
          {
            "start": { "line": 167, "column": 2 },
            "end": { "line": 174, "column": 3 }
          },
          {
            "start": { "line": 172, "column": 9 },
            "end": { "line": 174, "column": 3 }
          }
        ],
        "line": 167
      },
      "3": {
        "loc": {
          "start": { "line": 168, "column": 4 },
          "end": { "line": 169, "column": 50 }
        },
        "type": "binary-expr",
        "locations": [
          {
            "start": { "line": 168, "column": 4 },
            "end": { "line": 168, "column": 29 }
          },
          {
            "start": { "line": 169, "column": 4 },
            "end": { "line": 169, "column": 50 }
          }
        ],
        "line": 168
      },
      "4": {
        "loc": {
          "start": { "line": 172, "column": 9 },
          "end": { "line": 174, "column": 3 }
        },
        "type": "if",
        "locations": [
          {
            "start": { "line": 172, "column": 9 },
            "end": { "line": 174, "column": 3 }
          },
          { "start": {}, "end": {} }
        ],
        "line": 172
      },
      "5": {
        "loc": {
          "start": { "line": 176, "column": 2 },
          "end": { "line": 180, "column": 3 }
        },
        "type": "if",
        "locations": [
          {
            "start": { "line": 176, "column": 2 },
            "end": { "line": 180, "column": 3 }
          },
          { "start": {}, "end": {} }
        ],
        "line": 176
      },
      "6": {
        "loc": {
          "start": { "line": 342, "column": 2 },
          "end": { "line": 342, "column": 70 }
        },
        "type": "if",
        "locations": [
          {
            "start": { "line": 342, "column": 2 },
            "end": { "line": 342, "column": 70 }
          },
          { "start": {}, "end": {} }
        ],
        "line": 342
      },
      "7": {
        "loc": {
          "start": { "line": 364, "column": 2 },
          "end": { "line": 364, "column": 64 }
        },
        "type": "if",
        "locations": [
          {
            "start": { "line": 364, "column": 2 },
            "end": { "line": 364, "column": 64 }
          },
          { "start": {}, "end": {} }
        ],
        "line": 364
      }
    },
    "s": {
      "0": 1,
      "1": 1,
      "2": 1,
      "3": 1,
      "4": 1,
      "5": 1,
      "6": 0,
      "7": 0,
      "8": 0,
      "9": 0,
      "10": 0,
      "11": 1,
      "12": 2,
      "13": 1,
      "14": 0,
      "15": 0,
      "16": 0,
      "17": 0,
      "18": 1,
      "19": 0,
      "20": 0,
      "21": 0,
      "22": 1,
      "23": 0,
      "24": 0,
      "25": 0,
      "26": 1,
      "27": 0,
      "28": 0,
      "29": 0,
      "30": 1,
      "31": 0,
      "32": 0,
      "33": 1,
      "34": 0,
      "35": 0,
      "36": 0,
      "37": 0,
      "38": 0,
      "39": 0,
      "40": 0,
      "41": 0,
      "42": 0,
      "43": 0,
      "44": 1,
      "45": 0,
      "46": 0,
      "47": 0,
      "48": 1,
      "49": 0,
      "50": 0,
      "51": 0,
      "52": 0,
      "53": 0,
      "54": 0,
      "55": 1,
      "56": 0,
      "57": 0,
      "58": 0,
      "59": 1,
      "60": 0,
      "61": 0,
      "62": 0,
      "63": 1,
      "64": 0,
      "65": 0,
      "66": 0,
      "67": 1,
      "68": 0,
      "69": 0,
      "70": 0,
      "71": 1,
      "72": 0,
      "73": 0,
      "74": 0,
      "75": 1,
      "76": 0,
      "77": 0,
      "78": 0,
      "79": 0,
      "80": 0,
      "81": 1,
      "82": 0,
      "83": 0,
      "84": 0,
      "85": 0,
      "86": 0,
      "87": 1
    },
    "f": {
      "0": 0,
      "1": 0,
      "2": 2,
      "3": 0,
      "4": 0,
      "5": 0,
      "6": 0,
      "7": 0,
      "8": 0,
      "9": 0,
      "10": 0,
      "11": 0,
      "12": 0,
      "13": 0,
      "14": 0,
      "15": 0,
      "16": 0,
      "17": 0
    },
    "b": {
      "0": [0, 0],
      "1": [0, 0],
      "2": [0, 0],
      "3": [0, 0],
      "4": [0, 0],
      "5": [0, 0],
      "6": [0, 0],
      "7": [0, 0]
    },
    "_coverageSchema": "1a1c01bbd47fc00a2c39e90264f33305004495a9",
    "hash": "484e5b4631974fa6c49c7c92d15a5c216453700e"
  },
  "F:\\MyRepos\\Back-End SW\\Back-End\\controllers\\conversationsController.js": {
    "path": "F:\\MyRepos\\Back-End SW\\Back-End\\controllers\\conversationsController.js",
    "statementMap": {
      "0": {
        "start": { "line": 1, "column": 19 },
        "end": { "line": 1, "column": 55 }
      },
      "1": {
        "start": { "line": 2, "column": 17 },
        "end": { "line": 2, "column": 48 }
      },
      "2": {
        "start": { "line": 3, "column": 21 },
        "end": { "line": 3, "column": 62 }
      },
      "3": {
        "start": { "line": 4, "column": 16 },
        "end": { "line": 4, "column": 52 }
      },
      "4": {
        "start": { "line": 5, "column": 15 },
        "end": { "line": 5, "column": 52 }
      },
      "5": {
        "start": { "line": 7, "column": 26 },
        "end": { "line": 7, "column": 50 }
      },
      "6": {
        "start": { "line": 9, "column": 29 },
        "end": { "line": 145, "column": 1 }
      },
      "7": {
        "start": { "line": 10, "column": 33 },
        "end": { "line": 10, "column": 74 }
      },
      "8": {
        "start": { "line": 12, "column": 24 },
        "end": { "line": 35, "column": 4 }
      },
      "9": {
        "start": { "line": 37, "column": 30 },
        "end": { "line": 143, "column": 3 }
      },
      "10": {
        "start": { "line": 40, "column": 8 },
        "end": { "line": 42, "column": 30 }
      },
      "11": {
        "start": { "line": 44, "column": 26 },
        "end": { "line": 56, "column": 8 }
      },
      "12": {
        "start": { "line": 58, "column": 33 },
        "end": { "line": 62, "column": 14 }
      },
      "13": {
        "start": { "line": 64, "column": 31 },
        "end": { "line": 64, "column": 66 }
      },
      "14": {
        "start": { "line": 65, "column": 32 },
        "end": { "line": 83, "column": 19 }
      },
      "15": {
        "start": { "line": 70, "column": 29 },
        "end": { "line": 77, "column": 25 }
      },
      "16": {
        "start": { "line": 79, "column": 12 },
        "end": { "line": 79, "column": 54 }
      },
      "17": {
        "start": { "line": 85, "column": 44 },
        "end": { "line": 108, "column": 8 }
      },
      "18": {
        "start": { "line": 93, "column": 31 },
        "end": { "line": 100, "column": 27 }
      },
      "19": {
        "start": { "line": 102, "column": 14 },
        "end": { "line": 102, "column": 56 }
      },
      "20": {
        "start": { "line": 110, "column": 6 },
        "end": { "line": 141, "column": 8 }
      },
      "21": {
        "start": { "line": 124, "column": 12 },
        "end": { "line": 128, "column": 14 }
      },
      "22": {
        "start": { "line": 144, "column": 2 },
        "end": { "line": 144, "column": 29 }
      },
      "23": {
        "start": { "line": 147, "column": 0 },
        "end": { "line": 167, "column": 3 }
      },
      "24": {
        "start": { "line": 148, "column": 26 },
        "end": { "line": 148, "column": 29 }
      },
      "25": {
        "start": { "line": 150, "column": 24 },
        "end": { "line": 150, "column": 70 }
      },
      "26": {
        "start": { "line": 152, "column": 30 },
        "end": { "line": 161, "column": 4 }
      },
      "27": {
        "start": { "line": 153, "column": 29 },
        "end": { "line": 155, "column": 9 }
      },
      "28": {
        "start": { "line": 156, "column": 29 },
        "end": { "line": 158, "column": 9 }
      },
      "29": {
        "start": { "line": 160, "column": 4 },
        "end": { "line": 160, "column": 47 }
      },
      "30": {
        "start": { "line": 163, "column": 2 },
        "end": { "line": 166, "column": 5 }
      },
      "31": {
        "start": { "line": 169, "column": 0 },
        "end": { "line": 204, "column": 3 }
      },
      "32": {
        "start": { "line": 170, "column": 29 },
        "end": { "line": 170, "column": 39 }
      },
      "33": {
        "start": { "line": 171, "column": 21 },
        "end": { "line": 171, "column": 36 }
      },
      "34": {
        "start": { "line": 173, "column": 2 },
        "end": { "line": 174, "column": 67 }
      },
      "35": {
        "start": { "line": 174, "column": 4 },
        "end": { "line": 174, "column": 67 }
      },
      "36": {
        "start": { "line": 176, "column": 19 },
        "end": { "line": 189, "column": 4 }
      },
      "37": {
        "start": { "line": 191, "column": 18 },
        "end": { "line": 198, "column": 4 }
      },
      "38": {
        "start": { "line": 192, "column": 4 },
        "end": { "line": 196, "column": 5 }
      },
      "39": {
        "start": { "line": 193, "column": 6 },
        "end": { "line": 193, "column": 47 }
      },
      "40": {
        "start": { "line": 195, "column": 6 },
        "end": { "line": 195, "column": 48 }
      },
      "41": {
        "start": { "line": 197, "column": 4 },
        "end": { "line": 197, "column": 19 }
      },
      "42": {
        "start": { "line": 200, "column": 2 },
        "end": { "line": 203, "column": 5 }
      },
      "43": {
        "start": { "line": 206, "column": 0 },
        "end": { "line": 221, "column": 3 }
      },
      "44": {
        "start": { "line": 207, "column": 21 },
        "end": { "line": 207, "column": 36 }
      },
      "45": {
        "start": { "line": 208, "column": 14 },
        "end": { "line": 213, "column": 16 }
      },
      "46": {
        "start": { "line": 215, "column": 2 },
        "end": { "line": 220, "column": 5 }
      },
      "47": {
        "start": { "line": 223, "column": 0 },
        "end": { "line": 244, "column": 3 }
      },
      "48": {
        "start": { "line": 224, "column": 22 },
        "end": { "line": 224, "column": 30 }
      },
      "49": {
        "start": { "line": 225, "column": 27 },
        "end": { "line": 225, "column": 42 }
      },
      "50": {
        "start": { "line": 226, "column": 33 },
        "end": { "line": 226, "column": 74 }
      },
      "51": {
        "start": { "line": 228, "column": 25 },
        "end": { "line": 228, "column": 27 }
      },
      "52": {
        "start": { "line": 229, "column": 2 },
        "end": { "line": 238, "column": 3 }
      },
      "53": {
        "start": { "line": 230, "column": 28 },
        "end": { "line": 233, "column": 5 }
      },
      "54": {
        "start": { "line": 235, "column": 4 },
        "end": { "line": 235, "column": 55 }
      },
      "55": {
        "start": { "line": 237, "column": 4 },
        "end": { "line": 237, "column": 43 }
      },
      "56": {
        "start": { "line": 240, "column": 2 },
        "end": { "line": 243, "column": 5 }
      },
      "57": {
        "start": { "line": 246, "column": 0 },
        "end": { "line": 256, "column": 3 }
      },
      "58": {
        "start": { "line": 247, "column": 29 },
        "end": { "line": 247, "column": 37 }
      },
      "59": {
        "start": { "line": 248, "column": 33 },
        "end": { "line": 248, "column": 74 }
      },
      "60": {
        "start": { "line": 250, "column": 2 },
        "end": { "line": 250, "column": 58 }
      },
      "61": {
        "start": { "line": 252, "column": 2 },
        "end": { "line": 255, "column": 5 }
      }
    },
    "fnMap": {
      "0": {
        "name": "(anonymous_0)",
        "decl": {
          "start": { "line": 9, "column": 29 },
          "end": { "line": 9, "column": 30 }
        },
        "loc": {
          "start": { "line": 9, "column": 47 },
          "end": { "line": 145, "column": 1 }
        },
        "line": 9
      },
      "1": {
        "name": "(anonymous_1)",
        "decl": {
          "start": { "line": 38, "column": 22 },
          "end": { "line": 38, "column": 23 }
        },
        "loc": {
          "start": { "line": 38, "column": 53 },
          "end": { "line": 142, "column": 5 }
        },
        "line": 38
      },
      "2": {
        "name": "(anonymous_2)",
        "decl": {
          "start": { "line": 69, "column": 10 },
          "end": { "line": 69, "column": 11 }
        },
        "loc": {
          "start": { "line": 69, "column": 18 },
          "end": { "line": 80, "column": 11 }
        },
        "line": 69
      },
      "3": {
        "name": "(anonymous_3)",
        "decl": {
          "start": { "line": 92, "column": 12 },
          "end": { "line": 92, "column": 13 }
        },
        "loc": {
          "start": { "line": 92, "column": 20 },
          "end": { "line": 103, "column": 13 }
        },
        "line": 92
      },
      "4": {
        "name": "(anonymous_4)",
        "decl": {
          "start": { "line": 123, "column": 47 },
          "end": { "line": 123, "column": 48 }
        },
        "loc": {
          "start": { "line": 123, "column": 65 },
          "end": { "line": 129, "column": 11 }
        },
        "line": 123
      },
      "5": {
        "name": "(anonymous_5)",
        "decl": {
          "start": { "line": 147, "column": 38 },
          "end": { "line": 147, "column": 39 }
        },
        "loc": {
          "start": { "line": 147, "column": 64 },
          "end": { "line": 167, "column": 1 }
        },
        "line": 147
      },
      "6": {
        "name": "(anonymous_6)",
        "decl": {
          "start": { "line": 152, "column": 49 },
          "end": { "line": 152, "column": 50 }
        },
        "loc": {
          "start": { "line": 152, "column": 59 },
          "end": { "line": 161, "column": 3 }
        },
        "line": 152
      },
      "7": {
        "name": "(anonymous_7)",
        "decl": {
          "start": { "line": 169, "column": 44 },
          "end": { "line": 169, "column": 45 }
        },
        "loc": {
          "start": { "line": 169, "column": 70 },
          "end": { "line": 204, "column": 1 }
        },
        "line": 169
      },
      "8": {
        "name": "(anonymous_8)",
        "decl": {
          "start": { "line": 191, "column": 31 },
          "end": { "line": 191, "column": 32 }
        },
        "loc": {
          "start": { "line": 191, "column": 44 },
          "end": { "line": 198, "column": 3 }
        },
        "line": 191
      },
      "9": {
        "name": "(anonymous_9)",
        "decl": {
          "start": { "line": 206, "column": 47 },
          "end": { "line": 206, "column": 48 }
        },
        "loc": {
          "start": { "line": 206, "column": 73 },
          "end": { "line": 221, "column": 1 }
        },
        "line": 206
      },
      "10": {
        "name": "(anonymous_10)",
        "decl": {
          "start": { "line": 223, "column": 39 },
          "end": { "line": 223, "column": 40 }
        },
        "loc": {
          "start": { "line": 223, "column": 65 },
          "end": { "line": 244, "column": 1 }
        },
        "line": 223
      },
      "11": {
        "name": "(anonymous_11)",
        "decl": {
          "start": { "line": 246, "column": 39 },
          "end": { "line": 246, "column": 40 }
        },
        "loc": {
          "start": { "line": 246, "column": 65 },
          "end": { "line": 256, "column": 1 }
        },
        "line": 246
      }
    },
    "branchMap": {
      "0": {
        "loc": {
          "start": { "line": 40, "column": 8 },
          "end": { "line": 42, "column": 30 }
        },
        "type": "cond-expr",
        "locations": [
          {
            "start": { "line": 41, "column": 12 },
            "end": { "line": 41, "column": 30 }
          },
          {
            "start": { "line": 42, "column": 12 },
            "end": { "line": 42, "column": 30 }
          }
        ],
        "line": 40
      },
      "1": {
        "loc": {
          "start": { "line": 58, "column": 33 },
          "end": { "line": 62, "column": 14 }
        },
        "type": "cond-expr",
        "locations": [
          {
            "start": { "line": 59, "column": 10 },
            "end": { "line": 61, "column": 30 }
          },
          {
            "start": { "line": 62, "column": 10 },
            "end": { "line": 62, "column": 14 }
          }
        ],
        "line": 58
      },
      "2": {
        "loc": {
          "start": { "line": 59, "column": 10 },
          "end": { "line": 61, "column": 30 }
        },
        "type": "cond-expr",
        "locations": [
          {
            "start": { "line": 60, "column": 12 },
            "end": { "line": 60, "column": 16 }
          },
          {
            "start": { "line": 61, "column": 12 },
            "end": { "line": 61, "column": 30 }
          }
        ],
        "line": 59
      },
      "3": {
        "loc": {
          "start": { "line": 132, "column": 21 },
          "end": { "line": 140, "column": 16 }
        },
        "type": "cond-expr",
        "locations": [
          {
            "start": { "line": 133, "column": 12 },
            "end": { "line": 139, "column": 13 }
          },
          {
            "start": { "line": 140, "column": 12 },
            "end": { "line": 140, "column": 16 }
          }
        ],
        "line": 132
      },
      "4": {
        "loc": {
          "start": { "line": 153, "column": 29 },
          "end": { "line": 155, "column": 9 }
        },
        "type": "cond-expr",
        "locations": [
          {
            "start": { "line": 154, "column": 8 },
            "end": { "line": 154, "column": 51 }
          },
          {
            "start": { "line": 155, "column": 8 },
            "end": { "line": 155, "column": 9 }
          }
        ],
        "line": 153
      },
      "5": {
        "loc": {
          "start": { "line": 156, "column": 29 },
          "end": { "line": 158, "column": 9 }
        },
        "type": "cond-expr",
        "locations": [
          {
            "start": { "line": 157, "column": 8 },
            "end": { "line": 157, "column": 51 }
          },
          {
            "start": { "line": 158, "column": 8 },
            "end": { "line": 158, "column": 9 }
          }
        ],
        "line": 156
      },
      "6": {
        "loc": {
          "start": { "line": 173, "column": 2 },
          "end": { "line": 174, "column": 67 }
        },
        "type": "if",
        "locations": [
          {
            "start": { "line": 173, "column": 2 },
            "end": { "line": 174, "column": 67 }
          },
          { "start": {}, "end": {} }
        ],
        "line": 173
      },
      "7": {
        "loc": {
          "start": { "line": 192, "column": 4 },
          "end": { "line": 196, "column": 5 }
        },
        "type": "if",
        "locations": [
          {
            "start": { "line": 192, "column": 4 },
            "end": { "line": 196, "column": 5 }
          },
          {
            "start": { "line": 194, "column": 11 },
            "end": { "line": 196, "column": 5 }
          }
        ],
        "line": 192
      }
    },
    "s": {
      "0": 1,
      "1": 1,
      "2": 1,
      "3": 1,
      "4": 1,
      "5": 1,
      "6": 1,
      "7": 0,
      "8": 0,
      "9": 0,
      "10": 0,
      "11": 0,
      "12": 0,
      "13": 0,
      "14": 0,
      "15": 0,
      "16": 0,
      "17": 0,
      "18": 0,
      "19": 0,
      "20": 0,
      "21": 0,
      "22": 0,
      "23": 1,
      "24": 0,
      "25": 0,
      "26": 0,
      "27": 0,
      "28": 0,
      "29": 0,
      "30": 0,
      "31": 1,
      "32": 0,
      "33": 0,
      "34": 0,
      "35": 0,
      "36": 0,
      "37": 0,
      "38": 0,
      "39": 0,
      "40": 0,
      "41": 0,
      "42": 0,
      "43": 1,
      "44": 0,
      "45": 0,
      "46": 0,
      "47": 1,
      "48": 0,
      "49": 0,
      "50": 0,
      "51": 0,
      "52": 0,
      "53": 0,
      "54": 0,
      "55": 0,
      "56": 0,
      "57": 1,
      "58": 0,
      "59": 0,
      "60": 0,
      "61": 0
    },
    "f": {
      "0": 0,
      "1": 0,
      "2": 0,
      "3": 0,
      "4": 0,
      "5": 0,
      "6": 0,
      "7": 0,
      "8": 0,
      "9": 0,
      "10": 0,
      "11": 0
    },
    "b": {
      "0": [0, 0],
      "1": [0, 0],
      "2": [0, 0],
      "3": [0, 0],
      "4": [0, 0],
      "5": [0, 0],
      "6": [0, 0],
      "7": [0, 0]
    },
    "_coverageSchema": "1a1c01bbd47fc00a2c39e90264f33305004495a9",
    "hash": "0dd4693c994acc471f70533d98a1bf1c3be31248"
  },
  "F:\\MyRepos\\Back-End SW\\Back-End\\controllers\\errorController.js": {
    "path": "F:\\MyRepos\\Back-End SW\\Back-End\\controllers\\errorController.js",
    "statementMap": {
      "0": {
        "start": { "line": 10, "column": 17 },
        "end": { "line": 10, "column": 48 }
      },
      "1": {
        "start": { "line": 17, "column": 26 },
        "end": { "line": 20, "column": 1 }
      },
      "2": {
        "start": { "line": 18, "column": 18 },
        "end": { "line": 18, "column": 54 }
      },
      "3": {
        "start": { "line": 19, "column": 2 },
        "end": { "line": 19, "column": 36 }
      },
      "4": {
        "start": { "line": 27, "column": 32 },
        "end": { "line": 44, "column": 1 }
      },
      "5": {
        "start": { "line": 28, "column": 16 },
        "end": { "line": 28, "column": 62 }
      },
      "6": {
        "start": { "line": 29, "column": 16 },
        "end": { "line": 29, "column": 39 }
      },
      "7": {
        "start": { "line": 31, "column": 2 },
        "end": { "line": 37, "column": 3 }
      },
      "8": {
        "start": { "line": 32, "column": 22 },
        "end": { "line": 32, "column": 30 }
      },
      "9": {
        "start": { "line": 33, "column": 18 },
        "end": { "line": 33, "column": 26 }
      },
      "10": {
        "start": { "line": 35, "column": 20 },
        "end": { "line": 35, "column": 114 }
      },
      "11": {
        "start": { "line": 36, "column": 4 },
        "end": { "line": 36, "column": 38 }
      },
      "12": {
        "start": { "line": 40, "column": 2 },
        "end": { "line": 43, "column": 4 }
      },
      "13": {
        "start": { "line": 51, "column": 32 },
        "end": { "line": 56, "column": 1 }
      },
      "14": {
        "start": { "line": 52, "column": 17 },
        "end": { "line": 52, "column": 66 }
      },
      "15": {
        "start": { "line": 52, "column": 55 },
        "end": { "line": 52, "column": 65 }
      },
      "16": {
        "start": { "line": 54, "column": 18 },
        "end": { "line": 54, "column": 60 }
      },
      "17": {
        "start": { "line": 55, "column": 2 },
        "end": { "line": 55, "column": 36 }
      },
      "18": {
        "start": { "line": 62, "column": 23 },
        "end": { "line": 63, "column": 58 }
      },
      "19": {
        "start": { "line": 63, "column": 2 },
        "end": { "line": 63, "column": 58 }
      },
      "20": {
        "start": { "line": 69, "column": 30 },
        "end": { "line": 70, "column": 67 }
      },
      "21": {
        "start": { "line": 70, "column": 2 },
        "end": { "line": 70, "column": 67 }
      },
      "22": {
        "start": { "line": 78, "column": 22 },
        "end": { "line": 118, "column": 1 }
      },
      "23": {
        "start": { "line": 80, "column": 2 },
        "end": { "line": 98, "column": 3 }
      },
      "24": {
        "start": { "line": 82, "column": 4 },
        "end": { "line": 87, "column": 5 }
      },
      "25": {
        "start": { "line": 83, "column": 6 },
        "end": { "line": 86, "column": 9 }
      },
      "26": {
        "start": { "line": 91, "column": 4 },
        "end": { "line": 91, "column": 35 }
      },
      "27": {
        "start": { "line": 94, "column": 4 },
        "end": { "line": 97, "column": 7 }
      },
      "28": {
        "start": { "line": 102, "column": 2 },
        "end": { "line": 107, "column": 3 }
      },
      "29": {
        "start": { "line": 103, "column": 4 },
        "end": { "line": 106, "column": 7 }
      },
      "30": {
        "start": { "line": 111, "column": 2 },
        "end": { "line": 111, "column": 33 }
      },
      "31": {
        "start": { "line": 114, "column": 2 },
        "end": { "line": 117, "column": 5 }
      },
      "32": {
        "start": { "line": 126, "column": 21 },
        "end": { "line": 132, "column": 4 }
      },
      "33": {
        "start": { "line": 127, "column": 2 },
        "end": { "line": 132, "column": 4 }
      },
      "34": {
        "start": { "line": 141, "column": 0 },
        "end": { "line": 168, "column": 2 }
      },
      "35": {
        "start": { "line": 142, "column": 2 },
        "end": { "line": 142, "column": 41 }
      },
      "36": {
        "start": { "line": 143, "column": 2 },
        "end": { "line": 143, "column": 35 }
      },
      "37": {
        "start": { "line": 145, "column": 2 },
        "end": { "line": 167, "column": 3 }
      },
      "38": {
        "start": { "line": 146, "column": 16 },
        "end": { "line": 146, "column": 34 }
      },
      "39": {
        "start": { "line": 147, "column": 4 },
        "end": { "line": 147, "column": 32 }
      },
      "40": {
        "start": { "line": 149, "column": 4 },
        "end": { "line": 151, "column": 5 }
      },
      "41": {
        "start": { "line": 150, "column": 6 },
        "end": { "line": 150, "column": 39 }
      },
      "42": {
        "start": { "line": 152, "column": 4 },
        "end": { "line": 154, "column": 5 }
      },
      "43": {
        "start": { "line": 153, "column": 6 },
        "end": { "line": 153, "column": 45 }
      },
      "44": {
        "start": { "line": 155, "column": 4 },
        "end": { "line": 157, "column": 5 }
      },
      "45": {
        "start": { "line": 156, "column": 6 },
        "end": { "line": 156, "column": 45 }
      },
      "46": {
        "start": { "line": 158, "column": 4 },
        "end": { "line": 160, "column": 5 }
      },
      "47": {
        "start": { "line": 159, "column": 6 },
        "end": { "line": 159, "column": 31 }
      },
      "48": {
        "start": { "line": 161, "column": 4 },
        "end": { "line": 163, "column": 5 }
      },
      "49": {
        "start": { "line": 162, "column": 6 },
        "end": { "line": 162, "column": 43 }
      },
      "50": {
        "start": { "line": 164, "column": 4 },
        "end": { "line": 164, "column": 35 }
      },
      "51": {
        "start": { "line": 166, "column": 4 },
        "end": { "line": 166, "column": 32 }
      }
    },
    "fnMap": {
      "0": {
        "name": "(anonymous_0)",
        "decl": {
          "start": { "line": 17, "column": 26 },
          "end": { "line": 17, "column": 27 }
        },
        "loc": {
          "start": { "line": 17, "column": 35 },
          "end": { "line": 20, "column": 1 }
        },
        "line": 17
      },
      "1": {
        "name": "(anonymous_1)",
        "decl": {
          "start": { "line": 27, "column": 32 },
          "end": { "line": 27, "column": 33 }
        },
        "loc": {
          "start": { "line": 27, "column": 41 },
          "end": { "line": 44, "column": 1 }
        },
        "line": 27
      },
      "2": {
        "name": "(anonymous_2)",
        "decl": {
          "start": { "line": 51, "column": 32 },
          "end": { "line": 51, "column": 33 }
        },
        "loc": {
          "start": { "line": 51, "column": 41 },
          "end": { "line": 56, "column": 1 }
        },
        "line": 51
      },
      "3": {
        "name": "(anonymous_3)",
        "decl": {
          "start": { "line": 52, "column": 47 },
          "end": { "line": 52, "column": 48 }
        },
        "loc": {
          "start": { "line": 52, "column": 55 },
          "end": { "line": 52, "column": 65 }
        },
        "line": 52
      },
      "4": {
        "name": "(anonymous_4)",
        "decl": {
          "start": { "line": 62, "column": 23 },
          "end": { "line": 62, "column": 24 }
        },
        "loc": {
          "start": { "line": 63, "column": 2 },
          "end": { "line": 63, "column": 58 }
        },
        "line": 63
      },
      "5": {
        "name": "(anonymous_5)",
        "decl": {
          "start": { "line": 69, "column": 30 },
          "end": { "line": 69, "column": 31 }
        },
        "loc": {
          "start": { "line": 70, "column": 2 },
          "end": { "line": 70, "column": 67 }
        },
        "line": 70
      },
      "6": {
        "name": "(anonymous_6)",
        "decl": {
          "start": { "line": 78, "column": 22 },
          "end": { "line": 78, "column": 23 }
        },
        "loc": {
          "start": { "line": 78, "column": 41 },
          "end": { "line": 118, "column": 1 }
        },
        "line": 78
      },
      "7": {
        "name": "(anonymous_7)",
        "decl": {
          "start": { "line": 126, "column": 21 },
          "end": { "line": 126, "column": 22 }
        },
        "loc": {
          "start": { "line": 127, "column": 2 },
          "end": { "line": 132, "column": 4 }
        },
        "line": 127
      },
      "8": {
        "name": "(anonymous_8)",
        "decl": {
          "start": { "line": 141, "column": 17 },
          "end": { "line": 141, "column": 18 }
        },
        "loc": {
          "start": { "line": 141, "column": 42 },
          "end": { "line": 168, "column": 1 }
        },
        "line": 141
      }
    },
    "branchMap": {
      "0": {
        "loc": {
          "start": { "line": 31, "column": 2 },
          "end": { "line": 37, "column": 3 }
        },
        "type": "if",
        "locations": [
          {
            "start": { "line": 31, "column": 2 },
            "end": { "line": 37, "column": 3 }
          },
          { "start": {}, "end": {} }
        ],
        "line": 31
      },
      "1": {
        "loc": {
          "start": { "line": 80, "column": 2 },
          "end": { "line": 98, "column": 3 }
        },
        "type": "if",
        "locations": [
          {
            "start": { "line": 80, "column": 2 },
            "end": { "line": 98, "column": 3 }
          },
          { "start": {}, "end": {} }
        ],
        "line": 80
      },
      "2": {
        "loc": {
          "start": { "line": 82, "column": 4 },
          "end": { "line": 87, "column": 5 }
        },
        "type": "if",
        "locations": [
          {
            "start": { "line": 82, "column": 4 },
            "end": { "line": 87, "column": 5 }
          },
          { "start": {}, "end": {} }
        ],
        "line": 82
      },
      "3": {
        "loc": {
          "start": { "line": 102, "column": 2 },
          "end": { "line": 107, "column": 3 }
        },
        "type": "if",
        "locations": [
          {
            "start": { "line": 102, "column": 2 },
            "end": { "line": 107, "column": 3 }
          },
          { "start": {}, "end": {} }
        ],
        "line": 102
      },
      "4": {
        "loc": {
          "start": { "line": 142, "column": 19 },
          "end": { "line": 142, "column": 40 }
        },
        "type": "binary-expr",
        "locations": [
          {
            "start": { "line": 142, "column": 19 },
            "end": { "line": 142, "column": 33 }
          },
          {
            "start": { "line": 142, "column": 37 },
            "end": { "line": 142, "column": 40 }
          }
        ],
        "line": 142
      },
      "5": {
        "loc": {
          "start": { "line": 143, "column": 15 },
          "end": { "line": 143, "column": 34 }
        },
        "type": "binary-expr",
        "locations": [
          {
            "start": { "line": 143, "column": 15 },
            "end": { "line": 143, "column": 25 }
          },
          {
            "start": { "line": 143, "column": 29 },
            "end": { "line": 143, "column": 34 }
          }
        ],
        "line": 143
      },
      "6": {
        "loc": {
          "start": { "line": 145, "column": 2 },
          "end": { "line": 167, "column": 3 }
        },
        "type": "if",
        "locations": [
          {
            "start": { "line": 145, "column": 2 },
            "end": { "line": 167, "column": 3 }
          },
          {
            "start": { "line": 165, "column": 9 },
            "end": { "line": 167, "column": 3 }
          }
        ],
        "line": 145
      },
      "7": {
        "loc": {
          "start": { "line": 149, "column": 4 },
          "end": { "line": 151, "column": 5 }
        },
        "type": "if",
        "locations": [
          {
            "start": { "line": 149, "column": 4 },
            "end": { "line": 151, "column": 5 }
          },
          { "start": {}, "end": {} }
        ],
        "line": 149
      },
      "8": {
        "loc": {
          "start": { "line": 152, "column": 4 },
          "end": { "line": 154, "column": 5 }
        },
        "type": "if",
        "locations": [
          {
            "start": { "line": 152, "column": 4 },
            "end": { "line": 154, "column": 5 }
          },
          { "start": {}, "end": {} }
        ],
        "line": 152
      },
      "9": {
        "loc": {
          "start": { "line": 155, "column": 4 },
          "end": { "line": 157, "column": 5 }
        },
        "type": "if",
        "locations": [
          {
            "start": { "line": 155, "column": 4 },
            "end": { "line": 157, "column": 5 }
          },
          { "start": {}, "end": {} }
        ],
        "line": 155
      },
      "10": {
        "loc": {
          "start": { "line": 158, "column": 4 },
          "end": { "line": 160, "column": 5 }
        },
        "type": "if",
        "locations": [
          {
            "start": { "line": 158, "column": 4 },
            "end": { "line": 160, "column": 5 }
          },
          { "start": {}, "end": {} }
        ],
        "line": 158
      },
      "11": {
        "loc": {
          "start": { "line": 161, "column": 4 },
          "end": { "line": 163, "column": 5 }
        },
        "type": "if",
        "locations": [
          {
            "start": { "line": 161, "column": 4 },
            "end": { "line": 163, "column": 5 }
          },
          { "start": {}, "end": {} }
        ],
        "line": 161
      }
    },
    "s": {
      "0": 1,
      "1": 1,
      "2": 0,
      "3": 0,
      "4": 1,
      "5": 0,
      "6": 0,
      "7": 0,
      "8": 0,
      "9": 0,
      "10": 0,
      "11": 0,
      "12": 0,
      "13": 1,
      "14": 0,
      "15": 0,
      "16": 0,
      "17": 0,
      "18": 1,
      "19": 0,
      "20": 1,
      "21": 0,
      "22": 1,
      "23": 0,
      "24": 0,
      "25": 0,
      "26": 0,
      "27": 0,
      "28": 0,
      "29": 0,
      "30": 0,
      "31": 0,
      "32": 1,
      "33": 0,
      "34": 1,
      "35": 0,
      "36": 0,
      "37": 0,
      "38": 0,
      "39": 0,
      "40": 0,
      "41": 0,
      "42": 0,
      "43": 0,
      "44": 0,
      "45": 0,
      "46": 0,
      "47": 0,
      "48": 0,
      "49": 0,
      "50": 0,
      "51": 0
    },
    "f": {
      "0": 0,
      "1": 0,
      "2": 0,
      "3": 0,
      "4": 0,
      "5": 0,
      "6": 0,
      "7": 0,
      "8": 0
    },
    "b": {
      "0": [0, 0],
      "1": [0, 0],
      "2": [0, 0],
      "3": [0, 0],
      "4": [0, 0],
      "5": [0, 0],
      "6": [0, 0],
      "7": [0, 0],
      "8": [0, 0],
      "9": [0, 0],
      "10": [0, 0],
      "11": [0, 0]
    },
    "_coverageSchema": "1a1c01bbd47fc00a2c39e90264f33305004495a9",
    "hash": "0ee9657d2049fc4c1dd53a8ddcb09274e0bc8ef4"
  },
  "F:\\MyRepos\\Back-End SW\\Back-End\\controllers\\interactionsController.js": {
    "path": "F:\\MyRepos\\Back-End SW\\Back-End\\controllers\\interactionsController.js",
    "statementMap": {
      "0": {
        "start": { "line": 1, "column": 26 },
        "end": { "line": 1, "column": 50 }
      },
      "1": {
        "start": { "line": 2, "column": 19 },
        "end": { "line": 2, "column": 55 }
      },
      "2": {
        "start": { "line": 3, "column": 17 },
        "end": { "line": 3, "column": 48 }
      },
      "3": {
        "start": { "line": 4, "column": 22 },
        "end": { "line": 4, "column": 54 }
      },
      "4": {
        "start": { "line": 6, "column": 15 },
        "end": { "line": 6, "column": 52 }
      },
      "5": {
        "start": { "line": 7, "column": 13 },
        "end": { "line": 7, "column": 48 }
      },
      "6": {
        "start": { "line": 8, "column": 14 },
        "end": { "line": 8, "column": 50 }
      },
      "7": {
        "start": { "line": 9, "column": 13 },
        "end": { "line": 9, "column": 46 }
      },
      "8": {
        "start": { "line": 11, "column": 18 },
        "end": { "line": 36, "column": 1 }
      },
      "9": {
        "start": { "line": 12, "column": 19 },
        "end": { "line": 34, "column": 3 }
      },
      "10": {
        "start": { "line": 23, "column": 11 },
        "end": { "line": 33, "column": 5 }
      },
      "11": {
        "start": { "line": 35, "column": 2 },
        "end": { "line": 35, "column": 18 }
      },
      "12": {
        "start": { "line": 39, "column": 2 },
        "end": { "line": 42, "column": 5 }
      },
      "13": {
        "start": { "line": 40, "column": 23 },
        "end": { "line": 40, "column": 76 }
      },
      "14": {
        "start": { "line": 40, "column": 46 },
        "end": { "line": 40, "column": 75 }
      },
      "15": {
        "start": { "line": 41, "column": 4 },
        "end": { "line": 41, "column": 36 }
      },
      "16": {
        "start": { "line": 45, "column": 2 },
        "end": { "line": 50, "column": 5 }
      },
      "17": {
        "start": { "line": 46, "column": 24 },
        "end": { "line": 48, "column": 5 }
      },
      "18": {
        "start": { "line": 47, "column": 17 },
        "end": { "line": 47, "column": 50 }
      },
      "19": {
        "start": { "line": 49, "column": 4 },
        "end": { "line": 49, "column": 37 }
      },
      "20": {
        "start": { "line": 52, "column": 0 },
        "end": { "line": 104, "column": 3 }
      },
      "21": {
        "start": { "line": 53, "column": 23 },
        "end": { "line": 53, "column": 33 }
      },
      "22": {
        "start": { "line": 54, "column": 15 },
        "end": { "line": 58, "column": 4 }
      },
      "23": {
        "start": { "line": 59, "column": 2 },
        "end": { "line": 103, "column": 3 }
      },
      "24": {
        "start": { "line": 60, "column": 17 },
        "end": { "line": 60, "column": 26 }
      },
      "25": {
        "start": { "line": 61, "column": 27 },
        "end": { "line": 75, "column": 16 }
      },
      "26": {
        "start": { "line": 76, "column": 28 },
        "end": { "line": 81, "column": 16 }
      },
      "27": {
        "start": { "line": 82, "column": 29 },
        "end": { "line": 86, "column": 16 }
      },
      "28": {
        "start": { "line": 88, "column": 24 },
        "end": { "line": 88, "column": 74 }
      },
      "29": {
        "start": { "line": 89, "column": 4 },
        "end": { "line": 89, "column": 72 }
      },
      "30": {
        "start": { "line": 90, "column": 4 },
        "end": { "line": 90, "column": 45 }
      },
      "31": {
        "start": { "line": 91, "column": 4 },
        "end": { "line": 97, "column": 7 }
      },
      "32": {
        "start": { "line": 99, "column": 4 },
        "end": { "line": 102, "column": 7 }
      },
      "33": {
        "start": { "line": 106, "column": 0 },
        "end": { "line": 160, "column": 3 }
      },
      "34": {
        "start": { "line": 107, "column": 23 },
        "end": { "line": 107, "column": 33 }
      },
      "35": {
        "start": { "line": 108, "column": 15 },
        "end": { "line": 112, "column": 4 }
      },
      "36": {
        "start": { "line": 113, "column": 2 },
        "end": { "line": 159, "column": 3 }
      },
      "37": {
        "start": { "line": 114, "column": 17 },
        "end": { "line": 114, "column": 26 }
      },
      "38": {
        "start": { "line": 115, "column": 27 },
        "end": { "line": 129, "column": 16 }
      },
      "39": {
        "start": { "line": 130, "column": 28 },
        "end": { "line": 135, "column": 16 }
      },
      "40": {
        "start": { "line": 136, "column": 29 },
        "end": { "line": 140, "column": 16 }
      },
      "41": {
        "start": { "line": 142, "column": 24 },
        "end": { "line": 142, "column": 74 }
      },
      "42": {
        "start": { "line": 143, "column": 4 },
        "end": { "line": 143, "column": 72 }
      },
      "43": {
        "start": { "line": 145, "column": 4 },
        "end": { "line": 145, "column": 45 }
      },
      "44": {
        "start": { "line": 147, "column": 4 },
        "end": { "line": 153, "column": 7 }
      },
      "45": {
        "start": { "line": 155, "column": 4 },
        "end": { "line": 158, "column": 7 }
      },
      "46": {
        "start": { "line": 162, "column": 0 },
        "end": { "line": 215, "column": 3 }
      },
      "47": {
        "start": { "line": 163, "column": 23 },
        "end": { "line": 163, "column": 33 }
      },
      "48": {
        "start": { "line": 164, "column": 21 },
        "end": { "line": 164, "column": 43 }
      },
      "49": {
        "start": { "line": 166, "column": 15 },
        "end": { "line": 170, "column": 4 }
      },
      "50": {
        "start": { "line": 171, "column": 2 },
        "end": { "line": 214, "column": 3 }
      },
      "51": {
        "start": { "line": 172, "column": 4 },
        "end": { "line": 178, "column": 5 }
      },
      "52": {
        "start": { "line": 173, "column": 6 },
        "end": { "line": 176, "column": 9 }
      },
      "53": {
        "start": { "line": 177, "column": 6 },
        "end": { "line": 177, "column": 13 }
      },
      "54": {
        "start": { "line": 179, "column": 4 },
        "end": { "line": 179, "column": 66 }
      },
      "55": {
        "start": { "line": 181, "column": 21 },
        "end": { "line": 185, "column": 6 }
      },
      "56": {
        "start": { "line": 186, "column": 4 },
        "end": { "line": 186, "column": 76 }
      },
      "57": {
        "start": { "line": 188, "column": 19 },
        "end": { "line": 188, "column": 31 }
      },
      "58": {
        "start": { "line": 189, "column": 4 },
        "end": { "line": 189, "column": 32 }
      },
      "59": {
        "start": { "line": 190, "column": 4 },
        "end": { "line": 190, "column": 35 }
      },
      "60": {
        "start": { "line": 192, "column": 4 },
        "end": { "line": 202, "column": 5 }
      },
      "61": {
        "start": { "line": 193, "column": 6 },
        "end": { "line": 197, "column": 9 }
      },
      "62": {
        "start": { "line": 194, "column": 8 },
        "end": { "line": 194, "column": 58 }
      },
      "63": {
        "start": { "line": 195, "column": 8 },
        "end": { "line": 195, "column": 62 }
      },
      "64": {
        "start": { "line": 196, "column": 8 },
        "end": { "line": 196, "column": 62 }
      },
      "65": {
        "start": { "line": 199, "column": 6 },
        "end": { "line": 199, "column": 66 }
      },
      "66": {
        "start": { "line": 201, "column": 6 },
        "end": { "line": 201, "column": 71 }
      },
      "67": {
        "start": { "line": 204, "column": 4 },
        "end": { "line": 204, "column": 76 }
      },
      "68": {
        "start": { "line": 205, "column": 4 },
        "end": { "line": 208, "column": 7 }
      },
      "69": {
        "start": { "line": 210, "column": 4 },
        "end": { "line": 213, "column": 7 }
      },
      "70": {
        "start": { "line": 217, "column": 0 },
        "end": { "line": 296, "column": 3 }
      },
      "71": {
        "start": { "line": 218, "column": 23 },
        "end": { "line": 218, "column": 33 }
      },
      "72": {
        "start": { "line": 219, "column": 21 },
        "end": { "line": 219, "column": 43 }
      },
      "73": {
        "start": { "line": 221, "column": 15 },
        "end": { "line": 225, "column": 4 }
      },
      "74": {
        "start": { "line": 226, "column": 2 },
        "end": { "line": 295, "column": 3 }
      },
      "75": {
        "start": { "line": 227, "column": 4 },
        "end": { "line": 233, "column": 5 }
      },
      "76": {
        "start": { "line": 228, "column": 6 },
        "end": { "line": 231, "column": 9 }
      },
      "77": {
        "start": { "line": 232, "column": 6 },
        "end": { "line": 232, "column": 13 }
      },
      "78": {
        "start": { "line": 234, "column": 4 },
        "end": { "line": 243, "column": 5 }
      },
      "79": {
        "start": { "line": 235, "column": 6 },
        "end": { "line": 235, "column": 68 }
      },
      "80": {
        "start": { "line": 237, "column": 6 },
        "end": { "line": 241, "column": 9 }
      },
      "81": {
        "start": { "line": 242, "column": 6 },
        "end": { "line": 242, "column": 13 }
      },
      "82": {
        "start": { "line": 245, "column": 21 },
        "end": { "line": 249, "column": 6 }
      },
      "83": {
        "start": { "line": 250, "column": 4 },
        "end": { "line": 259, "column": 5 }
      },
      "84": {
        "start": { "line": 251, "column": 6 },
        "end": { "line": 251, "column": 78 }
      },
      "85": {
        "start": { "line": 253, "column": 6 },
        "end": { "line": 257, "column": 9 }
      },
      "86": {
        "start": { "line": 258, "column": 6 },
        "end": { "line": 258, "column": 13 }
      },
      "87": {
        "start": { "line": 261, "column": 4 },
        "end": { "line": 283, "column": 5 }
      },
      "88": {
        "start": { "line": 262, "column": 6 },
        "end": { "line": 278, "column": 9 }
      },
      "89": {
        "start": { "line": 263, "column": 8 },
        "end": { "line": 263, "column": 58 }
      },
      "90": {
        "start": { "line": 264, "column": 8 },
        "end": { "line": 264, "column": 62 }
      },
      "91": {
        "start": { "line": 265, "column": 33 },
        "end": { "line": 265, "column": 68 }
      },
      "92": {
        "start": { "line": 266, "column": 23 },
        "end": { "line": 274, "column": 20 }
      },
      "93": {
        "start": { "line": 276, "column": 8 },
        "end": { "line": 277, "column": 65 }
      },
      "94": {
        "start": { "line": 277, "column": 10 },
        "end": { "line": 277, "column": 65 }
      },
      "95": {
        "start": { "line": 280, "column": 6 },
        "end": { "line": 280, "column": 66 }
      },
      "96": {
        "start": { "line": 282, "column": 6 },
        "end": { "line": 282, "column": 71 }
      },
      "97": {
        "start": { "line": 285, "column": 4 },
        "end": { "line": 285, "column": 78 }
      },
      "98": {
        "start": { "line": 286, "column": 4 },
        "end": { "line": 289, "column": 7 }
      },
      "99": {
        "start": { "line": 291, "column": 4 },
        "end": { "line": 294, "column": 7 }
      },
      "100": {
        "start": { "line": 298, "column": 0 },
        "end": { "line": 330, "column": 3 }
      },
      "101": {
        "start": { "line": 299, "column": 23 },
        "end": { "line": 299, "column": 33 }
      },
      "102": {
        "start": { "line": 300, "column": 21 },
        "end": { "line": 300, "column": 43 }
      },
      "103": {
        "start": { "line": 302, "column": 15 },
        "end": { "line": 306, "column": 4 }
      },
      "104": {
        "start": { "line": 307, "column": 2 },
        "end": { "line": 329, "column": 3 }
      },
      "105": {
        "start": { "line": 308, "column": 4 },
        "end": { "line": 314, "column": 5 }
      },
      "106": {
        "start": { "line": 309, "column": 6 },
        "end": { "line": 312, "column": 9 }
      },
      "107": {
        "start": { "line": 313, "column": 6 },
        "end": { "line": 313, "column": 13 }
      },
      "108": {
        "start": { "line": 315, "column": 17 },
        "end": { "line": 315, "column": 27 }
      },
      "109": {
        "start": { "line": 316, "column": 4 },
        "end": { "line": 316, "column": 29 }
      },
      "110": {
        "start": { "line": 317, "column": 4 },
        "end": { "line": 317, "column": 31 }
      },
      "111": {
        "start": { "line": 318, "column": 22 },
        "end": { "line": 318, "column": 72 }
      },
      "112": {
        "start": { "line": 320, "column": 4 },
        "end": { "line": 323, "column": 7 }
      },
      "113": {
        "start": { "line": 325, "column": 4 },
        "end": { "line": 328, "column": 7 }
      },
      "114": {
        "start": { "line": 332, "column": 0 },
        "end": { "line": 372, "column": 3 }
      },
      "115": {
        "start": { "line": 333, "column": 23 },
        "end": { "line": 333, "column": 33 }
      },
      "116": {
        "start": { "line": 334, "column": 21 },
        "end": { "line": 334, "column": 43 }
      },
      "117": {
        "start": { "line": 336, "column": 15 },
        "end": { "line": 340, "column": 4 }
      },
      "118": {
        "start": { "line": 341, "column": 2 },
        "end": { "line": 371, "column": 3 }
      },
      "119": {
        "start": { "line": 342, "column": 4 },
        "end": { "line": 348, "column": 5 }
      },
      "120": {
        "start": { "line": 343, "column": 6 },
        "end": { "line": 346, "column": 9 }
      },
      "121": {
        "start": { "line": 347, "column": 6 },
        "end": { "line": 347, "column": 13 }
      },
      "122": {
        "start": { "line": 349, "column": 19 },
        "end": { "line": 357, "column": 16 }
      },
      "123": {
        "start": { "line": 359, "column": 4 },
        "end": { "line": 360, "column": 58 }
      },
      "124": {
        "start": { "line": 360, "column": 6 },
[...]
        "end": { "line": 199, "column": 11 }
      },
      "68": {
        "start": { "line": 194, "column": 29 },
        "end": { "line": 194, "column": 44 }
      },
      "69": {
        "start": { "line": 195, "column": 10 },
        "end": { "line": 198, "column": 12 }
      },
      "70": {
        "start": { "line": 201, "column": 8 },
        "end": { "line": 229, "column": 11 }
      },
      "71": {
        "start": { "line": 202, "column": 10 },
        "end": { "line": 203, "column": 61 }
      },
      "72": {
        "start": { "line": 203, "column": 12 },
        "end": { "line": 203, "column": 61 }
      },
      "73": {
        "start": { "line": 204, "column": 29 },
        "end": { "line": 204, "column": 44 }
      },
      "74": {
        "start": { "line": 206, "column": 10 },
        "end": { "line": 215, "column": 23 }
      },
      "75": {
        "start": { "line": 210, "column": 16 },
        "end": { "line": 210, "column": 72 }
      },
      "76": {
        "start": { "line": 217, "column": 10 },
        "end": { "line": 223, "column": 11 }
      },
      "77": {
        "start": { "line": 218, "column": 12 },
        "end": { "line": 222, "column": 15 }
      },
      "78": {
        "start": { "line": 225, "column": 10 },
        "end": { "line": 228, "column": 12 }
      },
      "79": {
        "start": { "line": 231, "column": 8 },
        "end": { "line": 254, "column": 11 }
      },
      "80": {
        "start": { "line": 232, "column": 10 },
        "end": { "line": 233, "column": 62 }
      },
      "81": {
        "start": { "line": 233, "column": 12 },
        "end": { "line": 233, "column": 62 }
      },
      "82": {
        "start": { "line": 234, "column": 29 },
        "end": { "line": 234, "column": 44 }
      },
      "83": {
        "start": { "line": 236, "column": 10 },
        "end": { "line": 245, "column": 23 }
      },
      "84": {
        "start": { "line": 240, "column": 16 },
        "end": { "line": 240, "column": 73 }
      },
      "85": {
        "start": { "line": 247, "column": 10 },
        "end": { "line": 253, "column": 11 }
      },
      "86": {
        "start": { "line": 248, "column": 12 },
        "end": { "line": 252, "column": 15 }
      },
      "87": {
        "start": { "line": 256, "column": 8 },
        "end": { "line": 291, "column": 11 }
      },
      "88": {
        "start": { "line": 257, "column": 10 },
        "end": { "line": 257, "column": 59 }
      },
      "89": {
        "start": { "line": 258, "column": 29 },
        "end": { "line": 258, "column": 44 }
      },
      "90": {
        "start": { "line": 260, "column": 10 },
        "end": { "line": 260, "column": 30 }
      },
      "91": {
        "start": { "line": 260, "column": 23 },
        "end": { "line": 260, "column": 30 }
      },
      "92": {
        "start": { "line": 262, "column": 10 },
        "end": { "line": 271, "column": 23 }
      },
      "93": {
        "start": { "line": 266, "column": 16 },
        "end": { "line": 266, "column": 73 }
      },
      "94": {
        "start": { "line": 293, "column": 4 },
        "end": { "line": 293, "column": 44 }
      },
      "95": {
        "start": { "line": 297, "column": 0 },
        "end": { "line": 297, "column": 37 }
      }
    },
    "fnMap": {
      "0": {
        "name": "(anonymous_0)",
        "decl": {
          "start": { "line": 10, "column": 2 },
          "end": { "line": 10, "column": 3 }
        },
        "loc": {
          "start": { "line": 10, "column": 16 },
          "end": { "line": 15, "column": 3 }
        },
        "line": 10
      },
      "1": {
        "name": "(anonymous_1)",
        "decl": {
          "start": { "line": 17, "column": 2 },
          "end": { "line": 17, "column": 3 }
        },
        "loc": {
          "start": { "line": 17, "column": 58 },
          "end": { "line": 66, "column": 3 }
        },
        "line": 17
      },
      "2": {
        "name": "(anonymous_2)",
        "decl": {
          "start": { "line": 68, "column": 2 },
          "end": { "line": 68, "column": 3 }
        },
        "loc": {
          "start": { "line": 68, "column": 34 },
          "end": { "line": 70, "column": 3 }
        },
        "line": 68
      },
      "3": {
        "name": "(anonymous_3)",
        "decl": {
          "start": { "line": 72, "column": 2 },
          "end": { "line": 72, "column": 3 }
        },
        "loc": {
          "start": { "line": 72, "column": 42 },
          "end": { "line": 294, "column": 3 }
        },
        "line": 72
      },
      "4": {
        "name": "(anonymous_4)",
        "decl": {
          "start": { "line": 78, "column": 16 },
          "end": { "line": 78, "column": 17 }
        },
        "loc": {
          "start": { "line": 78, "column": 38 },
          "end": { "line": 80, "column": 9 }
        },
        "line": 78
      },
      "5": {
        "name": "(anonymous_5)",
        "decl": {
          "start": { "line": 87, "column": 11 },
          "end": { "line": 87, "column": 12 }
        },
        "loc": {
          "start": { "line": 87, "column": 35 },
          "end": { "line": 116, "column": 7 }
        },
        "line": 87
      },
      "6": {
        "name": "(anonymous_6)",
        "decl": {
          "start": { "line": 117, "column": 24 },
          "end": { "line": 117, "column": 25 }
        },
        "loc": {
          "start": { "line": 117, "column": 36 },
          "end": { "line": 292, "column": 7 }
        },
        "line": 117
      },
      "7": {
        "name": "(anonymous_7)",
        "decl": {
          "start": { "line": 121, "column": 30 },
          "end": { "line": 121, "column": 31 }
        },
        "loc": {
          "start": { "line": 121, "column": 52 },
          "end": { "line": 139, "column": 9 }
        },
        "line": 121
      },
      "8": {
        "name": "(anonymous_8)",
        "decl": {
          "start": { "line": 141, "column": 30 },
          "end": { "line": 141, "column": 31 }
        },
        "loc": {
          "start": { "line": 141, "column": 78 },
          "end": { "line": 191, "column": 9 }
        },
        "line": 141
      },
      "9": {
        "name": "(anonymous_9)",
        "decl": {
          "start": { "line": 193, "column": 48 },
          "end": { "line": 193, "column": 49 }
        },
        "loc": {
          "start": { "line": 193, "column": 60 },
          "end": { "line": 199, "column": 9 }
        },
        "line": 193
      },
      "10": {
        "name": "(anonymous_10)",
        "decl": {
          "start": { "line": 201, "column": 33 },
          "end": { "line": 201, "column": 34 }
        },
        "loc": {
          "start": { "line": 201, "column": 74 },
          "end": { "line": 229, "column": 9 }
        },
        "line": 201
      },
      "11": {
        "name": "(anonymous_11)",
        "decl": {
          "start": { "line": 209, "column": 29 },
          "end": { "line": 209, "column": 30 }
        },
        "loc": {
          "start": { "line": 210, "column": 16 },
          "end": { "line": 210, "column": 72 }
        },
        "line": 210
      },
      "12": {
        "name": "(anonymous_12)",
        "decl": {
          "start": { "line": 231, "column": 33 },
          "end": { "line": 231, "column": 34 }
        },
        "loc": {
          "start": { "line": 231, "column": 74 },
          "end": { "line": 254, "column": 9 }
        },
        "line": 231
      },
      "13": {
        "name": "(anonymous_13)",
        "decl": {
          "start": { "line": 239, "column": 29 },
          "end": { "line": 239, "column": 30 }
        },
        "loc": {
          "start": { "line": 240, "column": 16 },
          "end": { "line": 240, "column": 73 }
        },
        "line": 240
      },
      "14": {
        "name": "(anonymous_14)",
        "decl": {
          "start": { "line": 256, "column": 32 },
          "end": { "line": 256, "column": 33 }
        },
        "loc": {
          "start": { "line": 256, "column": 44 },
          "end": { "line": 291, "column": 9 }
        },
        "line": 256
      },
      "15": {
        "name": "(anonymous_15)",
        "decl": {
          "start": { "line": 265, "column": 29 },
          "end": { "line": 265, "column": 30 }
        },
        "loc": {
          "start": { "line": 266, "column": 16 },
          "end": { "line": 266, "column": 73 }
        },
        "line": 266
      }
    },
    "branchMap": {
      "0": {
        "loc": {
          "start": { "line": 17, "column": 47 },
          "end": { "line": 17, "column": 56 }
        },
        "type": "default-arg",
        "locations": [
          {
            "start": { "line": 17, "column": 54 },
            "end": { "line": 17, "column": 56 }
          }
        ],
        "line": 17
      },
      "1": {
        "loc": {
          "start": { "line": 27, "column": 4 },
          "end": { "line": 42, "column": 5 }
        },
        "type": "switch",
        "locations": [
          {
            "start": { "line": 28, "column": 6 },
            "end": { "line": 30, "column": 14 }
          },
          {
            "start": { "line": 31, "column": 6 },
            "end": { "line": 33, "column": 14 }
          },
          {
            "start": { "line": 34, "column": 6 },
            "end": { "line": 36, "column": 14 }
          },
          {
            "start": { "line": 37, "column": 6 },
            "end": { "line": 39, "column": 14 }
          },
          {
            "start": { "line": 40, "column": 6 },
            "end": { "line": 41, "column": 65 }
          }
        ],
        "line": 27
      },
      "2": {
        "loc": {
          "start": { "line": 53, "column": 4 },
          "end": { "line": 65, "column": 5 }
        },
        "type": "if",
        "locations": [
          {
            "start": { "line": 53, "column": 4 },
            "end": { "line": 65, "column": 5 }
          },
          { "start": {}, "end": {} }
        ],
        "line": 53
      },
      "3": {
        "loc": {
          "start": { "line": 53, "column": 8 },
          "end": { "line": 53, "column": 28 }
        },
        "type": "binary-expr",
        "locations": [
          {
            "start": { "line": 53, "column": 8 },
            "end": { "line": 53, "column": 18 }
          },
          {
            "start": { "line": 53, "column": 22 },
            "end": { "line": 53, "column": 28 }
          }
        ],
        "line": 53
      },
      "4": {
        "loc": {
          "start": { "line": 88, "column": 8 },
          "end": { "line": 91, "column": 9 }
        },
        "type": "if",
        "locations": [
          {
            "start": { "line": 88, "column": 8 },
            "end": { "line": 91, "column": 9 }
          },
          { "start": {}, "end": {} }
        ],
        "line": 88
      },
      "5": {
        "loc": {
          "start": { "line": 107, "column": 8 },
          "end": { "line": 109, "column": 9 }
        },
        "type": "if",
        "locations": [
          {
            "start": { "line": 107, "column": 8 },
            "end": { "line": 109, "column": 9 }
          },
          { "start": {}, "end": {} }
        ],
        "line": 107
      },
      "6": {
        "loc": {
          "start": { "line": 111, "column": 26 },
          "end": { "line": 111, "column": 42 }
        },
        "type": "cond-expr",
        "locations": [
          {
            "start": { "line": 111, "column": 33 },
            "end": { "line": 111, "column": 37 }
          },
          {
            "start": { "line": 111, "column": 40 },
            "end": { "line": 111, "column": 42 }
          }
        ],
        "line": 111
      },
      "7": {
        "loc": {
          "start": { "line": 132, "column": 10 },
          "end": { "line": 134, "column": 11 }
        },
        "type": "if",
        "locations": [
          {
            "start": { "line": 132, "column": 10 },
            "end": { "line": 134, "column": 11 }
          },
          { "start": {}, "end": {} }
        ],
        "line": 132
      },
      "8": {
        "loc": {
          "start": { "line": 136, "column": 28 },
          "end": { "line": 136, "column": 44 }
        },
        "type": "cond-expr",
        "locations": [
          {
            "start": { "line": 136, "column": 35 },
            "end": { "line": 136, "column": 39 }
          },
          {
            "start": { "line": 136, "column": 42 },
            "end": { "line": 136, "column": 44 }
          }
        ],
        "line": 136
      },
      "9": {
        "loc": {
          "start": { "line": 142, "column": 10 },
          "end": { "line": 143, "column": 65 }
        },
        "type": "if",
        "locations": [
          {
            "start": { "line": 142, "column": 10 },
            "end": { "line": 143, "column": 65 }
          },
          { "start": {}, "end": {} }
        ],
        "line": 142
      },
      "10": {
        "loc": {
          "start": { "line": 142, "column": 14 },
          "end": { "line": 142, "column": 53 }
        },
        "type": "binary-expr",
        "locations": [
          {
            "start": { "line": 142, "column": 14 },
            "end": { "line": 142, "column": 25 }
          },
          {
            "start": { "line": 142, "column": 29 },
            "end": { "line": 142, "column": 44 }
          },
          {
            "start": { "line": 142, "column": 48 },
            "end": { "line": 142, "column": 53 }
          }
        ],
        "line": 142
      },
      "11": {
        "loc": {
          "start": { "line": 153, "column": 10 },
          "end": { "line": 153, "column": 36 }
        },
        "type": "if",
        "locations": [
          {
            "start": { "line": 153, "column": 10 },
            "end": { "line": 153, "column": 36 }
          },
          { "start": {}, "end": {} }
        ],
        "line": 153
      },
      "12": {
        "loc": {
          "start": { "line": 166, "column": 10 },
          "end": { "line": 177, "column": 11 }
        },
        "type": "if",
        "locations": [
          {
            "start": { "line": 166, "column": 10 },
            "end": { "line": 177, "column": 11 }
          },
          { "start": {}, "end": {} }
        ],
        "line": 166
      },
      "13": {
        "loc": {
          "start": { "line": 179, "column": 10 },
          "end": { "line": 190, "column": 11 }
        },
        "type": "if",
        "locations": [
          {
            "start": { "line": 179, "column": 10 },
            "end": { "line": 190, "column": 11 }
          },
          { "start": {}, "end": {} }
        ],
        "line": 179
      },
      "14": {
        "loc": {
          "start": { "line": 202, "column": 10 },
          "end": { "line": 203, "column": 61 }
        },
        "type": "if",
        "locations": [
          {
            "start": { "line": 202, "column": 10 },
            "end": { "line": 203, "column": 61 }
          },
          { "start": {}, "end": {} }
        ],
        "line": 202
      },
      "15": {
        "loc": {
          "start": { "line": 202, "column": 14 },
          "end": { "line": 202, "column": 43 }
        },
        "type": "binary-expr",
        "locations": [
          {
            "start": { "line": 202, "column": 14 },
            "end": { "line": 202, "column": 29 }
          },
          {
            "start": { "line": 202, "column": 33 },
            "end": { "line": 202, "column": 43 }
          }
        ],
        "line": 202
      },
      "16": {
        "loc": {
          "start": { "line": 217, "column": 10 },
          "end": { "line": 223, "column": 11 }
        },
        "type": "if",
        "locations": [
          {
            "start": { "line": 217, "column": 10 },
            "end": { "line": 223, "column": 11 }
          },
          { "start": {}, "end": {} }
        ],
        "line": 217
      },
      "17": {
        "loc": {
          "start": { "line": 232, "column": 10 },
          "end": { "line": 233, "column": 62 }
        },
        "type": "if",
        "locations": [
          {
            "start": { "line": 232, "column": 10 },
            "end": { "line": 233, "column": 62 }
          },
          { "start": {}, "end": {} }
        ],
        "line": 232
      },
      "18": {
        "loc": {
          "start": { "line": 232, "column": 14 },
          "end": { "line": 232, "column": 43 }
        },
        "type": "binary-expr",
        "locations": [
          {
            "start": { "line": 232, "column": 14 },
            "end": { "line": 232, "column": 24 }
          },
          {
            "start": { "line": 232, "column": 28 },
            "end": { "line": 232, "column": 43 }
          }
        ],
        "line": 232
      },
      "19": {
        "loc": {
          "start": { "line": 247, "column": 10 },
          "end": { "line": 253, "column": 11 }
        },
        "type": "if",
        "locations": [
          {
            "start": { "line": 247, "column": 10 },
            "end": { "line": 253, "column": 11 }
          },
          { "start": {}, "end": {} }
        ],
        "line": 247
      },
      "20": {
        "loc": {
          "start": { "line": 260, "column": 10 },
          "end": { "line": 260, "column": 30 }
        },
        "type": "if",
        "locations": [
          {
            "start": { "line": 260, "column": 10 },
            "end": { "line": 260, "column": 30 }
          },
          { "start": {}, "end": {} }
        ],
        "line": 260
      }
    },
    "s": {
      "0": 1,
      "1": 1,
      "2": 1,
      "3": 1,
      "4": 1,
      "5": 1,
      "6": 1,
      "7": 1,
      "8": 1,
      "9": 1,
      "10": 1,
      "11": 0,
      "12": 0,
      "13": 0,
      "14": 0,
      "15": 0,
      "16": 0,
      "17": 0,
      "18": 0,
      "19": 0,
      "20": 0,
      "21": 0,
      "22": 0,
      "23": 0,
      "24": 0,
      "25": 0,
      "26": 0,
      "27": 0,
      "28": 0,
      "29": 0,
      "30": 1,
      "31": 1,
      "32": 1,
      "33": 10,
      "34": 1,
      "35": 2,
      "36": 0,
      "37": 0,
      "38": 2,
      "39": 2,
      "40": 2,
      "41": 0,
      "42": 2,
      "43": 2,
      "44": 2,
      "45": 2,
      "46": 2,
      "47": 0,
      "48": 0,
      "49": 0,
      "50": 0,
      "51": 0,
      "52": 2,
      "53": 1,
      "54": 0,
      "55": 1,
      "56": 1,
      "57": 1,
      "58": 0,
      "59": 1,
      "60": 1,
      "61": 1,
      "62": 1,
      "63": 1,
      "64": 1,
      "65": 1,
      "66": 1,
      "67": 2,
      "68": 0,
      "69": 0,
      "70": 2,
      "71": 2,
      "72": 0,
      "73": 2,
      "74": 2,
      "75": 2,
      "76": 2,
      "77": 2,
      "78": 2,
      "79": 2,
      "80": 0,
      "81": 0,
      "82": 0,
      "83": 0,
      "84": 0,
      "85": 0,
      "86": 0,
      "87": 2,
      "88": 0,
      "89": 0,
      "90": 0,
      "91": 0,
      "92": 0,
      "93": 0,
      "94": 1,
      "95": 1
    },
    "f": {
      "0": 1,
      "1": 0,
      "2": 0,
      "3": 1,
      "4": 10,
      "5": 2,
      "6": 2,
      "7": 0,
      "8": 1,
      "9": 0,
      "10": 2,
      "11": 2,
      "12": 0,
      "13": 0,
      "14": 0,
      "15": 0
    },
    "b": {
      "0": [0],
      "1": [0, 0, 0, 0, 0],
      "2": [0, 0],
      "3": [0, 0],
      "4": [0, 2],
      "5": [0, 2],
      "6": [2, 0],
      "7": [0, 0],
      "8": [0, 0],
      "9": [0, 1],
      "10": [1, 1, 1],
      "11": [0, 1],
      "12": [1, 0],
      "13": [1, 0],
      "14": [0, 2],
      "15": [2, 2],
      "16": [2, 0],
      "17": [0, 0],
      "18": [0, 0],
      "19": [0, 0],
      "20": [0, 0]
    },
    "_coverageSchema": "1a1c01bbd47fc00a2c39e90264f33305004495a9",
    "hash": "a9aa6c921056808beed61ea07e67abb999af5b57"
  }
}
