{"total": {"lines":{"total":1818,"covered":1097,"skipped":0,"pct":60.34},"statements":{"total":1872,"covered":1106,"skipped":0,"pct":59.08},"functions":{"total":253,"covered":105,"skipped":0,"pct":41.5},"branches":{"total":437,"covered":148,"skipped":0,"pct":33.86},"branchesTrue":{"total":0,"covered":0,"skipped":0,"pct":100}}
,"D:\\University\\Third year\\First Semester\\Software Engineering\\Project\\Back-End\\app.js": {"lines":{"total":56,"covered":54,"skipped":0,"pct":96.42},"functions":{"total":3,"covered":2,"skipped":0,"pct":66.66},"statements":{"total":56,"covered":54,"skipped":0,"pct":96.42},"branches":{"total":2,"covered":1,"skipped":0,"pct":50}}
,"D:\\University\\Third year\\First Semester\\Software Engineering\\Project\\Back-End\\dataSource.js": {"lines":{"total":19,"covered":19,"skipped":0,"pct":100},"functions":{"total":0,"covered":0,"skipped":0,"pct":100},"statements":{"total":19,"covered":19,"skipped":0,"pct":100},"branches":{"total":4,"covered":2,"skipped":0,"pct":50}}
,"D:\\University\\Third year\\First Semester\\Software Engineering\\Project\\Back-End\\controllers\\authController.js": {"lines":{"total":86,"covered":82,"skipped":0,"pct":95.34},"functions":{"total":18,"covered":17,"skipped":0,"pct":94.44},"statements":{"total":88,"covered":82,"skipped":0,"pct":93.18},"branches":{"total":16,"covered":12,"skipped":0,"pct":75}}
,"D:\\University\\Third year\\First Semester\\Software Engineering\\Project\\Back-End\\controllers\\conversationsController.js": {"lines":{"total":62,"covered":12,"skipped":0,"pct":19.35},"functions":{"total":12,"covered":0,"skipped":0,"pct":0},"statements":{"total":62,"covered":12,"skipped":0,"pct":19.35},"branches":{"total":16,"covered":0,"skipped":0,"pct":0}}
,"D:\\University\\Third year\\First Semester\\Software Engineering\\Project\\Back-End\\controllers\\errorController.js": {"lines":{"total":51,"covered":14,"skipped":0,"pct":27.45},"functions":{"total":9,"covered":2,"skipped":0,"pct":22.22},"statements":{"total":52,"covered":14,"skipped":0,"pct":26.92},"branches":{"total":24,"covered":5,"skipped":0,"pct":20.83}}
,"D:\\University\\Third year\\First Semester\\Software Engineering\\Project\\Back-End\\controllers\\interactionsController.js": {"lines":{"total":241,"covered":166,"skipped":0,"pct":68.87},"functions":{"total":21,"covered":15,"skipped":0,"pct":71.42},"statements":{"total":242,"covered":166,"skipped":0,"pct":68.59},"branches":{"total":76,"covered":32,"skipped":0,"pct":42.1}}
,"D:\\University\\Third year\\First Semester\\Software Engineering\\Project\\Back-End\\controllers\\notificationsController.js": {"lines":{"total":12,"covered":11,"skipped":0,"pct":91.66},"functions":{"total":3,"covered":2,"skipped":0,"pct":66.66},"statements":{"total":12,"covered":11,"skipped":0,"pct":91.66},"branches":{"total":0,"covered":0,"skipped":0,"pct":100}}
,"D:\\University\\Third year\\First Semester\\Software Engineering\\Project\\Back-End\\controllers\\profileController.js": {"lines":{"total":116,"covered":54,"skipped":0,"pct":46.55},"functions":{"total":9,"covered":3,"skipped":0,"pct":33.33},"statements":{"total":116,"covered":54,"skipped":0,"pct":46.55},"branches":{"total":16,"covered":8,"skipped":0,"pct":50}}
,"D:\\University\\Third year\\First Semester\\Software Engineering\\Project\\Back-End\\controllers\\searchController.js": {"lines":{"total":81,"covered":16,"skipped":0,"pct":19.75},"functions":{"total":15,"covered":0,"skipped":0,"pct":0},"statements":{"total":86,"covered":16,"skipped":0,"pct":18.6},"branches":{"total":22,"covered":0,"skipped":0,"pct":0}}
,"D:\\University\\Third year\\First Semester\\Software Engineering\\Project\\Back-End\\controllers\\timelineController.js": {"lines":{"total":176,"covered":22,"skipped":0,"pct":12.5},"functions":{"total":41,"covered":0,"skipped":0,"pct":0},"statements":{"total":194,"covered":22,"skipped":0,"pct":11.34},"branches":{"total":56,"covered":0,"skipped":0,"pct":0}}
,"D:\\University\\Third year\\First Semester\\Software Engineering\\Project\\Back-End\\controllers\\trendsController.js": {"lines":{"total":63,"covered":16,"skipped":0,"pct":25.39},"functions":{"total":10,"covered":0,"skipped":0,"pct":0},"statements":{"total":66,"covered":16,"skipped":0,"pct":24.24},"branches":{"total":4,"covered":0,"skipped":0,"pct":0}}
,"D:\\University\\Third year\\First Semester\\Software Engineering\\Project\\Back-End\\controllers\\tweetsController.js": {"lines":{"total":271,"covered":193,"skipped":0,"pct":71.21},"functions":{"total":27,"covered":15,"skipped":0,"pct":55.55},"statements":{"total":282,"covered":197,"skipped":0,"pct":69.85},"branches":{"total":84,"covered":54,"skipped":0,"pct":64.28}}
,"D:\\University\\Third year\\First Semester\\Software Engineering\\Project\\Back-End\\middlewares\\catchAsync.js": {"lines":{"total":2,"covered":2,"skipped":0,"pct":100},"functions":{"total":2,"covered":2,"skipped":0,"pct":100},"statements":{"total":3,"covered":3,"skipped":0,"pct":100},"branches":{"total":0,"covered":0,"skipped":0,"pct":100}}
,"D:\\University\\Third year\\First Semester\\Software Engineering\\Project\\Back-End\\middlewares\\validateRequest.js": {"lines":{"total":11,"covered":11,"skipped":0,"pct":100},"functions":{"total":2,"covered":2,"skipped":0,"pct":100},"statements":{"total":12,"covered":12,"skipped":0,"pct":100},"branches":{"total":2,"covered":2,"skipped":0,"pct":100}}
,"D:\\University\\Third year\\First Semester\\Software Engineering\\Project\\Back-End\\middlewares\\validations\\conversation.js": {"lines":{"total":3,"covered":3,"skipped":0,"pct":100},"functions":{"total":0,"covered":0,"skipped":0,"pct":100},"statements":{"total":3,"covered":3,"skipped":0,"pct":100},"branches":{"total":0,"covered":0,"skipped":0,"pct":100}}
,"D:\\University\\Third year\\First Semester\\Software Engineering\\Project\\Back-End\\middlewares\\validations\\profile.js": {"lines":{"total":36,"covered":15,"skipped":0,"pct":41.66},"functions":{"total":5,"covered":1,"skipped":0,"pct":20},"statements":{"total":40,"covered":15,"skipped":0,"pct":37.5},"branches":{"total":24,"covered":4,"skipped":0,"pct":16.66}}
,"D:\\University\\Third year\\First Semester\\Software Engineering\\Project\\Back-End\\middlewares\\validations\\tweet.js": {"lines":{"total":14,"covered":13,"skipped":0,"pct":92.85},"functions":{"total":2,"covered":2,"skipped":0,"pct":100},"statements":{"total":16,"covered":14,"skipped":0,"pct":87.5},"branches":{"total":10,"covered":7,"skipped":0,"pct":70}}
,"D:\\University\\Third year\\First Semester\\Software Engineering\\Project\\Back-End\\middlewares\\validations\\user.js": {"lines":{"total":18,"covered":17,"skipped":0,"pct":94.44},"functions":{"total":3,"covered":3,"skipped":0,"pct":100},"statements":{"total":18,"covered":17,"skipped":0,"pct":94.44},"branches":{"total":6,"covered":5,"skipped":0,"pct":83.33}}
,"D:\\University\\Third year\\First Semester\\Software Engineering\\Project\\Back-End\\models\\entites\\Conversation.js": {"lines":{"total":6,"covered":6,"skipped":0,"pct":100},"functions":{"total":1,"covered":1,"skipped":0,"pct":100},"statements":{"total":6,"covered":6,"skipped":0,"pct":100},"branches":{"total":0,"covered":0,"skipped":0,"pct":100}}
,"D:\\University\\Third year\\First Semester\\Software Engineering\\Project\\Back-End\\models\\entites\\Media.js": {"lines":{"total":4,"covered":4,"skipped":0,"pct":100},"functions":{"total":1,"covered":1,"skipped":0,"pct":100},"statements":{"total":4,"covered":4,"skipped":0,"pct":100},"branches":{"total":0,"covered":0,"skipped":0,"pct":100}}
,"D:\\University\\Third year\\First Semester\\Software Engineering\\Project\\Back-End\\models\\entites\\Message.js": {"lines":{"total":7,"covered":7,"skipped":0,"pct":100},"functions":{"total":1,"covered":1,"skipped":0,"pct":100},"statements":{"total":7,"covered":7,"skipped":0,"pct":100},"branches":{"total":0,"covered":0,"skipped":0,"pct":100}}
,"D:\\University\\Third year\\First Semester\\Software Engineering\\Project\\Back-End\\models\\entites\\Notification.js": {"lines":{"total":7,"covered":7,"skipped":0,"pct":100},"functions":{"total":1,"covered":1,"skipped":0,"pct":100},"statements":{"total":7,"covered":7,"skipped":0,"pct":100},"branches":{"total":1,"covered":1,"skipped":0,"pct":100}}
,"D:\\University\\Third year\\First Semester\\Software Engineering\\Project\\Back-End\\models\\entites\\Reply.js": {"lines":{"total":5,"covered":5,"skipped":0,"pct":100},"functions":{"total":1,"covered":1,"skipped":0,"pct":100},"statements":{"total":5,"covered":5,"skipped":0,"pct":100},"branches":{"total":0,"covered":0,"skipped":0,"pct":100}}
,"D:\\University\\Third year\\First Semester\\Software Engineering\\Project\\Back-End\\models\\entites\\Trend.js": {"lines":{"total":2,"covered":2,"skipped":0,"pct":100},"functions":{"total":1,"covered":1,"skipped":0,"pct":100},"statements":{"total":2,"covered":2,"skipped":0,"pct":100},"branches":{"total":0,"covered":0,"skipped":0,"pct":100}}
,"D:\\University\\Third year\\First Semester\\Software Engineering\\Project\\Back-End\\models\\entites\\Tweet.js": {"lines":{"total":4,"covered":4,"skipped":0,"pct":100},"functions":{"total":1,"covered":1,"skipped":0,"pct":100},"statements":{"total":4,"covered":4,"skipped":0,"pct":100},"branches":{"total":0,"covered":0,"skipped":0,"pct":100}}
,"D:\\University\\Third year\\First Semester\\Software Engineering\\Project\\Back-End\\models\\entites\\User.js": {"lines":{"total":45,"covered":34,"skipped":0,"pct":75.55},"functions":{"total":18,"covered":7,"skipped":0,"pct":38.88},"statements":{"total":45,"covered":34,"skipped":0,"pct":75.55},"branches":{"total":0,"covered":0,"skipped":0,"pct":100}}
,"D:\\University\\Third year\\First Semester\\Software Engineering\\Project\\Back-End\\models\\relations\\Block.js": {"lines":{"total":3,"covered":3,"skipped":0,"pct":100},"functions":{"total":1,"covered":1,"skipped":0,"pct":100},"statements":{"total":3,"covered":3,"skipped":0,"pct":100},"branches":{"total":0,"covered":0,"skipped":0,"pct":100}}
,"D:\\University\\Third year\\First Semester\\Software Engineering\\Project\\Back-End\\models\\relations\\Follow.js": {"lines":{"total":3,"covered":3,"skipped":0,"pct":100},"functions":{"total":1,"covered":1,"skipped":0,"pct":100},"statements":{"total":3,"covered":3,"skipped":0,"pct":100},"branches":{"total":0,"covered":0,"skipped":0,"pct":100}}
,"D:\\University\\Third year\\First Semester\\Software Engineering\\Project\\Back-End\\models\\relations\\Like.js": {"lines":{"total":3,"covered":3,"skipped":0,"pct":100},"functions":{"total":1,"covered":1,"skipped":0,"pct":100},"statements":{"total":3,"covered":3,"skipped":0,"pct":100},"branches":{"total":0,"covered":0,"skipped":0,"pct":100}}
,"D:\\University\\Third year\\First Semester\\Software Engineering\\Project\\Back-End\\models\\relations\\LikeReply.js": {"lines":{"total":3,"covered":3,"skipped":0,"pct":100},"functions":{"total":1,"covered":1,"skipped":0,"pct":100},"statements":{"total":3,"covered":3,"skipped":0,"pct":100},"branches":{"total":0,"covered":0,"skipped":0,"pct":100}}
,"D:\\University\\Third year\\First Semester\\Software Engineering\\Project\\Back-End\\models\\relations\\Mention.js": {"lines":{"total":4,"covered":4,"skipped":0,"pct":100},"functions":{"total":1,"covered":1,"skipped":0,"pct":100},"statements":{"total":4,"covered":4,"skipped":0,"pct":100},"branches":{"total":0,"covered":0,"skipped":0,"pct":100}}
,"D:\\University\\Third year\\First Semester\\Software Engineering\\Project\\Back-End\\models\\relations\\Mute.js": {"lines":{"total":3,"covered":3,"skipped":0,"pct":100},"functions":{"total":1,"covered":1,"skipped":0,"pct":100},"statements":{"total":3,"covered":3,"skipped":0,"pct":100},"branches":{"total":0,"covered":0,"skipped":0,"pct":100}}
,"D:\\University\\Third year\\First Semester\\Software Engineering\\Project\\Back-End\\models\\relations\\Repost.js": {"lines":{"total":3,"covered":3,"skipped":0,"pct":100},"functions":{"total":1,"covered":1,"skipped":0,"pct":100},"statements":{"total":3,"covered":3,"skipped":0,"pct":100},"branches":{"total":0,"covered":0,"skipped":0,"pct":100}}
,"D:\\University\\Third year\\First Semester\\Software Engineering\\Project\\Back-End\\models\\relations\\Support.js": {"lines":{"total":3,"covered":3,"skipped":0,"pct":100},"functions":{"total":1,"covered":1,"skipped":0,"pct":100},"statements":{"total":3,"covered":3,"skipped":0,"pct":100},"branches":{"total":0,"covered":0,"skipped":0,"pct":100}}
,"D:\\University\\Third year\\First Semester\\Software Engineering\\Project\\Back-End\\routes\\authRouter.js": {"lines":{"total":16,"covered":16,"skipped":0,"pct":100},"functions":{"total":0,"covered":0,"skipped":0,"pct":100},"statements":{"total":16,"covered":16,"skipped":0,"pct":100},"branches":{"total":0,"covered":0,"skipped":0,"pct":100}}
,"D:\\University\\Third year\\First Semester\\Software Engineering\\Project\\Back-End\\routes\\conversationsRouter.js": {"lines":{"total":12,"covered":12,"skipped":0,"pct":100},"functions":{"total":0,"covered":0,"skipped":0,"pct":100},"statements":{"total":12,"covered":12,"skipped":0,"pct":100},"branches":{"total":0,"covered":0,"skipped":0,"pct":100}}
,"D:\\University\\Third year\\First Semester\\Software Engineering\\Project\\Back-End\\routes\\interactionsRouter.js": {"lines":{"total":15,"covered":15,"skipped":0,"pct":100},"functions":{"total":0,"covered":0,"skipped":0,"pct":100},"statements":{"total":15,"covered":15,"skipped":0,"pct":100},"branches":{"total":0,"covered":0,"skipped":0,"pct":100}}
,"D:\\University\\Third year\\First Semester\\Software Engineering\\Project\\Back-End\\routes\\notificationsRouter.js": {"lines":{"total":8,"covered":8,"skipped":0,"pct":100},"functions":{"total":0,"covered":0,"skipped":0,"pct":100},"statements":{"total":8,"covered":8,"skipped":0,"pct":100},"branches":{"total":0,"covered":0,"skipped":0,"pct":100}}
,"D:\\University\\Third year\\First Semester\\Software Engineering\\Project\\Back-End\\routes\\profileRoutes.js": {"lines":{"total":12,"covered":12,"skipped":0,"pct":100},"functions":{"total":0,"covered":0,"skipped":0,"pct":100},"statements":{"total":12,"covered":12,"skipped":0,"pct":100},"branches":{"total":0,"covered":0,"skipped":0,"pct":100}}
,"D:\\University\\Third year\\First Semester\\Software Engineering\\Project\\Back-End\\routes\\searchRouter.js": {"lines":{"total":7,"covered":7,"skipped":0,"pct":100},"functions":{"total":0,"covered":0,"skipped":0,"pct":100},"statements":{"total":7,"covered":7,"skipped":0,"pct":100},"branches":{"total":0,"covered":0,"skipped":0,"pct":100}}
,"D:\\University\\Third year\\First Semester\\Software Engineering\\Project\\Back-End\\routes\\timelineRouter.js": {"lines":{"total":9,"covered":9,"skipped":0,"pct":100},"functions":{"total":0,"covered":0,"skipped":0,"pct":100},"statements":{"total":9,"covered":9,"skipped":0,"pct":100},"branches":{"total":0,"covered":0,"skipped":0,"pct":100}}
,"D:\\University\\Third year\\First Semester\\Software Engineering\\Project\\Back-End\\routes\\trendsRouter.js": {"lines":{"total":7,"covered":7,"skipped":0,"pct":100},"functions":{"total":0,"covered":0,"skipped":0,"pct":100},"statements":{"total":7,"covered":7,"skipped":0,"pct":100},"branches":{"total":0,"covered":0,"skipped":0,"pct":100}}
,"D:\\University\\Third year\\First Semester\\Software Engineering\\Project\\Back-End\\routes\\tweetsRouter.js": {"lines":{"total":21,"covered":21,"skipped":0,"pct":100},"functions":{"total":0,"covered":0,"skipped":0,"pct":100},"statements":{"total":21,"covered":21,"skipped":0,"pct":100},"branches":{"total":0,"covered":0,"skipped":0,"pct":100}}
,"D:\\University\\Third year\\First Semester\\Software Engineering\\Project\\Back-End\\routes\\usersRouter.js": {"lines":{"total":6,"covered":6,"skipped":0,"pct":100},"functions":{"total":0,"covered":0,"skipped":0,"pct":100},"statements":{"total":6,"covered":6,"skipped":0,"pct":100},"branches":{"total":0,"covered":0,"skipped":0,"pct":100}}
,"D:\\University\\Third year\\First Semester\\Software Engineering\\Project\\Back-End\\schemas\\entites\\conversationSchema.js": {"lines":{"total":3,"covered":3,"skipped":0,"pct":100},"functions":{"total":0,"covered":0,"skipped":0,"pct":100},"statements":{"total":3,"covered":3,"skipped":0,"pct":100},"branches":{"total":0,"covered":0,"skipped":0,"pct":100}}
,"D:\\University\\Third year\\First Semester\\Software Engineering\\Project\\Back-End\\schemas\\entites\\mediaSchema.js": {"lines":{"total":3,"covered":3,"skipped":0,"pct":100},"functions":{"total":0,"covered":0,"skipped":0,"pct":100},"statements":{"total":3,"covered":3,"skipped":0,"pct":100},"branches":{"total":0,"covered":0,"skipped":0,"pct":100}}
,"D:\\University\\Third year\\First Semester\\Software Engineering\\Project\\Back-End\\schemas\\entites\\messageSchema.js": {"lines":{"total":3,"covered":3,"skipped":0,"pct":100},"functions":{"total":0,"covered":0,"skipped":0,"pct":100},"statements":{"total":3,"covered":3,"skipped":0,"pct":100},"branches":{"total":0,"covered":0,"skipped":0,"pct":100}}
,"D:\\University\\Third year\\First Semester\\Software Engineering\\Project\\Back-End\\schemas\\entites\\notificationSchema.js": {"lines":{"total":3,"covered":3,"skipped":0,"pct":100},"functions":{"total":0,"covered":0,"skipped":0,"pct":100},"statements":{"total":3,"covered":3,"skipped":0,"pct":100},"branches":{"total":0,"covered":0,"skipped":0,"pct":100}}
,"D:\\University\\Third year\\First Semester\\Software Engineering\\Project\\Back-End\\schemas\\entites\\replySchema.js": {"lines":{"total":3,"covered":3,"skipped":0,"pct":100},"functions":{"total":0,"covered":0,"skipped":0,"pct":100},"statements":{"total":3,"covered":3,"skipped":0,"pct":100},"branches":{"total":0,"covered":0,"skipped":0,"pct":100}}
,"D:\\University\\Third year\\First Semester\\Software Engineering\\Project\\Back-End\\schemas\\entites\\trendSchema.js": {"lines":{"total":3,"covered":3,"skipped":0,"pct":100},"functions":{"total":0,"covered":0,"skipped":0,"pct":100},"statements":{"total":3,"covered":3,"skipped":0,"pct":100},"branches":{"total":0,"covered":0,"skipped":0,"pct":100}}
,"D:\\University\\Third year\\First Semester\\Software Engineering\\Project\\Back-End\\schemas\\entites\\tweetSchema.js": {"lines":{"total":3,"covered":3,"skipped":0,"pct":100},"functions":{"total":0,"covered":0,"skipped":0,"pct":100},"statements":{"total":3,"covered":3,"skipped":0,"pct":100},"branches":{"total":0,"covered":0,"skipped":0,"pct":100}}
,"D:\\University\\Third year\\First Semester\\Software Engineering\\Project\\Back-End\\schemas\\entites\\userSchema.js": {"lines":{"total":3,"covered":3,"skipped":0,"pct":100},"functions":{"total":0,"covered":0,"skipped":0,"pct":100},"statements":{"total":3,"covered":3,"skipped":0,"pct":100},"branches":{"total":0,"covered":0,"skipped":0,"pct":100}}
,"D:\\University\\Third year\\First Semester\\Software Engineering\\Project\\Back-End\\schemas\\relations\\blockSchema.js": {"lines":{"total":3,"covered":3,"skipped":0,"pct":100},"functions":{"total":0,"covered":0,"skipped":0,"pct":100},"statements":{"total":3,"covered":3,"skipped":0,"pct":100},"branches":{"total":0,"covered":0,"skipped":0,"pct":100}}
,"D:\\University\\Third year\\First Semester\\Software Engineering\\Project\\Back-End\\schemas\\relations\\followSchema.js": {"lines":{"total":3,"covered":3,"skipped":0,"pct":100},"functions":{"total":0,"covered":0,"skipped":0,"pct":100},"statements":{"total":3,"covered":3,"skipped":0,"pct":100},"branches":{"total":0,"covered":0,"skipped":0,"pct":100}}
,"D:\\University\\Third year\\First Semester\\Software Engineering\\Project\\Back-End\\schemas\\relations\\likeReplySchema.js": {"lines":{"total":3,"covered":3,"skipped":0,"pct":100},"functions":{"total":0,"covered":0,"skipped":0,"pct":100},"statements":{"total":3,"covered":3,"skipped":0,"pct":100},"branches":{"total":0,"covered":0,"skipped":0,"pct":100}}
,"D:\\University\\Third year\\First Semester\\Software Engineering\\Project\\Back-End\\schemas\\relations\\likeSchema.js": {"lines":{"total":3,"covered":3,"skipped":0,"pct":100},"functions":{"total":0,"covered":0,"skipped":0,"pct":100},"statements":{"total":3,"covered":3,"skipped":0,"pct":100},"branches":{"total":0,"covered":0,"skipped":0,"pct":100}}
,"D:\\University\\Third year\\First Semester\\Software Engineering\\Project\\Back-End\\schemas\\relations\\mentionSchema.js": {"lines":{"total":3,"covered":3,"skipped":0,"pct":100},"functions":{"total":0,"covered":0,"skipped":0,"pct":100},"statements":{"total":3,"covered":3,"skipped":0,"pct":100},"branches":{"total":0,"covered":0,"skipped":0,"pct":100}}
,"D:\\University\\Third year\\First Semester\\Software Engineering\\Project\\Back-End\\schemas\\relations\\muteSchema.js": {"lines":{"total":3,"covered":3,"skipped":0,"pct":100},"functions":{"total":0,"covered":0,"skipped":0,"pct":100},"statements":{"total":3,"covered":3,"skipped":0,"pct":100},"branches":{"total":0,"covered":0,"skipped":0,"pct":100}}
,"D:\\University\\Third year\\First Semester\\Software Engineering\\Project\\Back-End\\schemas\\relations\\repostSchema.js": {"lines":{"total":3,"covered":3,"skipped":0,"pct":100},"functions":{"total":0,"covered":0,"skipped":0,"pct":100},"statements":{"total":3,"covered":3,"skipped":0,"pct":100},"branches":{"total":0,"covered":0,"skipped":0,"pct":100}}
,"D:\\University\\Third year\\First Semester\\Software Engineering\\Project\\Back-End\\schemas\\relations\\supportSchema.js": {"lines":{"total":3,"covered":3,"skipped":0,"pct":100},"functions":{"total":0,"covered":0,"skipped":0,"pct":100},"statements":{"total":3,"covered":3,"skipped":0,"pct":100},"branches":{"total":0,"covered":0,"skipped":0,"pct":100}}
,"D:\\University\\Third year\\First Semester\\Software Engineering\\Project\\Back-End\\services\\AppError.js": {"lines":{"total":6,"covered":6,"skipped":0,"pct":100},"functions":{"total":1,"covered":1,"skipped":0,"pct":100},"statements":{"total":6,"covered":6,"skipped":0,"pct":100},"branches":{"total":0,"covered":0,"skipped":0,"pct":100}}
,"D:\\University\\Third year\\First Semester\\Software Engineering\\Project\\Back-End\\services\\AuthService.js": {"lines":{"total":114,"covered":94,"skipped":0,"pct":82.45},"functions":{"total":14,"covered":12,"skipped":0,"pct":85.71},"statements":{"total":117,"covered":96,"skipped":0,"pct":82.05},"branches":{"total":26,"covered":15,"skipped":0,"pct":57.69}}
,"D:\\University\\Third year\\First Semester\\Software Engineering\\Project\\Back-End\\services\\Email.js": {"lines":{"total":16,"covered":4,"skipped":0,"pct":25},"functions":{"total":5,"covered":0,"skipped":0,"pct":0},"statements":{"total":16,"covered":4,"skipped":0,"pct":25},"branches":{"total":3,"covered":0,"skipped":0,"pct":0}}
,"D:\\University\\Third year\\First Semester\\Software Engineering\\Project\\Back-End\\services\\Password.js": {"lines":{"total":4,"covered":4,"skipped":0,"pct":100},"functions":{"total":2,"covered":2,"skipped":0,"pct":100},"statements":{"total":4,"covered":4,"skipped":0,"pct":100},"branches":{"total":0,"covered":0,"skipped":0,"pct":100}}
,"D:\\University\\Third year\\First Semester\\Software Engineering\\Project\\Back-End\\services\\WebSocket.js": {"lines":{"total":94,"covered":14,"skipped":0,"pct":14.89},"functions":{"total":16,"covered":2,"skipped":0,"pct":12.5},"statements":{"total":96,"covered":14,"skipped":0,"pct":14.58},"branches":{"total":45,"covered":0,"skipped":0,"pct":0}}
}
